<?xml version="1.0" encoding="utf-8"?>
<coverage line-rate="0.8209000000000001" branch-rate="0.7536" version="1.9" timestamp="1734080916" lines-covered="399" lines-valid="486" branches-covered="104" branches-valid="138">
  <sources>
    <source>C:\kurssit\ohjelmistotuotanto\miniprojekti\ReferenceManager\</source>
  </sources>
  <packages>
    <package name="ReferenceManager" line-rate="0.8209000000000001" branch-rate="0.7536" complexity="172">
      <classes>
        <class name="ReferenceManager.Reference" filename="Reference.cs" line-rate="0.8392000000000001" branch-rate="0.8332999999999999" complexity="27">
          <methods>
            <method name="isInt" signature="(System.String)" line-rate="1" branch-rate="1" complexity="1">
              <lines>
                <line number="17" hits="19" branch="False" />
                <line number="18" hits="19" branch="False" />
                <line number="19" hits="19" branch="False" />
              </lines>
            </method>
            <method name="get_Author" signature="()" line-rate="1" branch-rate="1" complexity="1">
              <lines>
                <line number="24" hits="54" branch="False" />
              </lines>
            </method>
            <method name="set_Author" signature="(System.String)" line-rate="1" branch-rate="1" complexity="1">
              <lines>
                <line number="26" hits="17" branch="False" />
                <line number="27" hits="17" branch="False" />
                <line number="28" hits="17" branch="False" />
              </lines>
            </method>
            <method name="get_Title" signature="()" line-rate="1" branch-rate="1" complexity="1">
              <lines>
                <line number="34" hits="48" branch="False" />
              </lines>
            </method>
            <method name="set_Title" signature="(System.String)" line-rate="0.6666" branch-rate="0.5" complexity="2">
              <lines>
                <line number="36" hits="17" branch="False" />
                <line number="37" hits="17" branch="True" condition-coverage="50% (1/2)">
                  <conditions>
                    <condition number="9" type="jump" coverage="50%" />
                  </conditions>
                </line>
                <line number="38" hits="0" branch="False" />
                <line number="39" hits="0" branch="False" />
                <line number="41" hits="17" branch="False" />
                <line number="42" hits="17" branch="False" />
              </lines>
            </method>
            <method name="get_Year" signature="()" line-rate="1" branch-rate="1" complexity="1">
              <lines>
                <line number="48" hits="40" branch="False" />
              </lines>
            </method>
            <method name="set_Year" signature="(System.String)" line-rate="1" branch-rate="1" complexity="6">
              <lines>
                <line number="50" hits="25" branch="False" />
                <line number="51" hits="25" branch="True" condition-coverage="100% (6/6)">
                  <conditions>
                    <condition number="9" type="jump" coverage="100%" />
                    <condition number="13" type="jump" coverage="100%" />
                    <condition number="31" type="jump" coverage="100%" />
                  </conditions>
                </line>
                <line number="52" hits="19" branch="False" />
                <line number="53" hits="19" branch="False" />
                <line number="54" hits="19" branch="False" />
                <line number="56" hits="6" branch="False" />
                <line number="57" hits="6" branch="False" />
                <line number="59" hits="19" branch="False" />
              </lines>
            </method>
            <method name="get_ReferenceKey" signature="()" line-rate="1" branch-rate="1" complexity="1">
              <lines>
                <line number="62" hits="18" branch="False" />
              </lines>
            </method>
            <method name="get_Month" signature="()" line-rate="1" branch-rate="1" complexity="1">
              <lines>
                <line number="66" hits="14" branch="False" />
              </lines>
            </method>
            <method name="set_Month" signature="(System.String)" line-rate="1" branch-rate="1" complexity="1">
              <lines>
                <line number="68" hits="1" branch="False" />
                <line number="69" hits="1" branch="False" />
                <line number="70" hits="1" branch="False" />
              </lines>
            </method>
            <method name="get_Key" signature="()" line-rate="1" branch-rate="1" complexity="4">
              <lines>
                <line number="73" hits="13" branch="True" condition-coverage="100% (4/4)">
                  <conditions>
                    <condition number="6" type="jump" coverage="100%" />
                    <condition number="19" type="jump" coverage="100%" />
                  </conditions>
                </line>
              </lines>
            </method>
            <method name="GenerateKey" signature="()" line-rate="1" branch-rate="0.75" complexity="4">
              <lines>
                <line number="76" hits="11" branch="False" />
                <line number="77" hits="11" branch="True" condition-coverage="100% (2/2)">
                  <conditions>
                    <condition number="17" type="jump" coverage="100%" />
                  </conditions>
                </line>
                <line number="78" hits="11" branch="False" />
                <line number="79" hits="11" branch="False" />
                <line number="81" hits="11" branch="True" condition-coverage="50% (1/2)">
                  <conditions>
                    <condition number="82" type="jump" coverage="50%" />
                  </conditions>
                </line>
                <line number="83" hits="11" branch="False" />
                <line number="84" hits="11" branch="False" />
              </lines>
            </method>
            <method name="ToBibtexFile" signature="()" line-rate="0.5625" branch-rate="0.5" complexity="2">
              <lines>
                <line number="89" hits="8" branch="False" />
                <line number="91" hits="8" branch="False" />
                <line number="92" hits="8" branch="False" />
                <line number="93" hits="8" branch="True" condition-coverage="50% (1/2)">
                  <conditions>
                    <condition number="17" type="jump" coverage="50%" />
                  </conditions>
                </line>
                <line number="94" hits="0" branch="False" />
                <line number="95" hits="0" branch="False" />
                <line number="96" hits="0" branch="False" />
                <line number="99" hits="8" branch="False" />
                <line number="100" hits="8" branch="False" />
                <line number="101" hits="8" branch="False" />
                <line number="102" hits="8" branch="False" />
                <line number="105" hits="0" branch="False" />
                <line number="106" hits="0" branch="False" />
                <line number="107" hits="0" branch="False" />
                <line number="108" hits="0" branch="False" />
                <line number="110" hits="8" branch="False" />
              </lines>
            </method>
            <method name=".ctor" signature="()" line-rate="1" branch-rate="1" complexity="1">
              <lines>
                <line number="21" hits="41" branch="False" />
                <line number="31" hits="41" branch="False" />
                <line number="45" hits="41" branch="False" />
                <line number="63" hits="41" branch="False" />
              </lines>
            </method>
          </methods>
          <lines>
            <line number="17" hits="19" branch="False" />
            <line number="18" hits="19" branch="False" />
            <line number="19" hits="19" branch="False" />
            <line number="24" hits="54" branch="False" />
            <line number="26" hits="17" branch="False" />
            <line number="27" hits="17" branch="False" />
            <line number="28" hits="17" branch="False" />
            <line number="34" hits="48" branch="False" />
            <line number="36" hits="17" branch="False" />
            <line number="37" hits="17" branch="True" condition-coverage="50% (1/2)">
              <conditions>
                <condition number="9" type="jump" coverage="50%" />
              </conditions>
            </line>
            <line number="38" hits="0" branch="False" />
            <line number="39" hits="0" branch="False" />
            <line number="41" hits="17" branch="False" />
            <line number="42" hits="17" branch="False" />
            <line number="48" hits="40" branch="False" />
            <line number="50" hits="25" branch="False" />
            <line number="51" hits="25" branch="True" condition-coverage="100% (6/6)">
              <conditions>
                <condition number="9" type="jump" coverage="100%" />
                <condition number="13" type="jump" coverage="100%" />
                <condition number="31" type="jump" coverage="100%" />
              </conditions>
            </line>
            <line number="52" hits="19" branch="False" />
            <line number="53" hits="19" branch="False" />
            <line number="54" hits="19" branch="False" />
            <line number="56" hits="6" branch="False" />
            <line number="57" hits="6" branch="False" />
            <line number="59" hits="19" branch="False" />
            <line number="62" hits="18" branch="False" />
            <line number="66" hits="14" branch="False" />
            <line number="68" hits="1" branch="False" />
            <line number="69" hits="1" branch="False" />
            <line number="70" hits="1" branch="False" />
            <line number="73" hits="13" branch="True" condition-coverage="100% (4/4)">
              <conditions>
                <condition number="6" type="jump" coverage="100%" />
                <condition number="19" type="jump" coverage="100%" />
              </conditions>
            </line>
            <line number="76" hits="11" branch="False" />
            <line number="77" hits="11" branch="True" condition-coverage="100% (2/2)">
              <conditions>
                <condition number="17" type="jump" coverage="100%" />
              </conditions>
            </line>
            <line number="78" hits="11" branch="False" />
            <line number="79" hits="11" branch="False" />
            <line number="81" hits="11" branch="True" condition-coverage="50% (1/2)">
              <conditions>
                <condition number="82" type="jump" coverage="50%" />
              </conditions>
            </line>
            <line number="83" hits="11" branch="False" />
            <line number="84" hits="11" branch="False" />
            <line number="89" hits="8" branch="False" />
            <line number="91" hits="8" branch="False" />
            <line number="92" hits="8" branch="False" />
            <line number="93" hits="8" branch="True" condition-coverage="50% (1/2)">
              <conditions>
                <condition number="17" type="jump" coverage="50%" />
              </conditions>
            </line>
            <line number="94" hits="0" branch="False" />
            <line number="95" hits="0" branch="False" />
            <line number="96" hits="0" branch="False" />
            <line number="99" hits="8" branch="False" />
            <line number="100" hits="8" branch="False" />
            <line number="101" hits="8" branch="False" />
            <line number="102" hits="8" branch="False" />
            <line number="105" hits="0" branch="False" />
            <line number="106" hits="0" branch="False" />
            <line number="107" hits="0" branch="False" />
            <line number="108" hits="0" branch="False" />
            <line number="110" hits="8" branch="False" />
            <line number="21" hits="41" branch="False" />
            <line number="31" hits="41" branch="False" />
            <line number="45" hits="41" branch="False" />
            <line number="63" hits="41" branch="False" />
          </lines>
        </class>
        <class name="ReferenceManager.ArticleReference" filename="Reference.cs" line-rate="0.8665999999999999" branch-rate="0.7692" complexity="35">
          <methods>
            <method name="get_Journal" signature="()" line-rate="1" branch-rate="1" complexity="1">
              <lines>
                <line number="122" hits="10" branch="False" />
              </lines>
            </method>
            <method name="set_Journal" signature="(System.String)" line-rate="1" branch-rate="1" complexity="1">
              <lines>
                <line number="124" hits="7" branch="False" />
                <line number="125" hits="7" branch="False" />
                <line number="126" hits="7" branch="False" />
              </lines>
            </method>
            <method name="get_Volume" signature="()" line-rate="1" branch-rate="1" complexity="1">
              <lines>
                <line number="132" hits="10" branch="False" />
              </lines>
            </method>
            <method name="set_Volume" signature="(System.String)" line-rate="1" branch-rate="1" complexity="2">
              <lines>
                <line number="134" hits="8" branch="False" />
                <line number="135" hits="8" branch="True" condition-coverage="100% (2/2)">
                  <conditions>
                    <condition number="13" type="jump" coverage="100%" />
                  </conditions>
                </line>
                <line number="136" hits="3" branch="False" />
                <line number="137" hits="3" branch="False" />
                <line number="139" hits="5" branch="False" />
                <line number="141" hits="5" branch="False" />
              </lines>
            </method>
            <method name="get_Pages" signature="()" line-rate="1" branch-rate="1" complexity="1">
              <lines>
                <line number="147" hits="9" branch="False" />
              </lines>
            </method>
            <method name="set_Pages" signature="(System.String)" line-rate="1" branch-rate="1" complexity="6">
              <lines>
                <line number="149" hits="7" branch="False" />
                <line number="150" hits="7" branch="False" />
                <line number="151" hits="7" branch="True" condition-coverage="100% (2/2)">
                  <conditions>
                    <condition number="14" type="jump" coverage="100%" />
                  </conditions>
                </line>
                <line number="152" hits="5" branch="False" />
                <line number="153" hits="5" branch="False" />
                <line number="154" hits="25" branch="True" condition-coverage="100% (2/2)">
                  <conditions>
                    <condition number="73" type="jump" coverage="100%" />
                  </conditions>
                </line>
                <line number="155" hits="5" branch="False" />
                <line number="156" hits="5" branch="False" />
                <line number="157" hits="5" branch="False" />
                <line number="158" hits="5" branch="True" condition-coverage="100% (2/2)">
                  <conditions>
                    <condition number="115" type="jump" coverage="100%" />
                  </conditions>
                </line>
                <line number="159" hits="1" branch="False" />
                <line number="160" hits="1" branch="False" />
                <line number="162" hits="4" branch="False" />
                <line number="163" hits="4" branch="False" />
                <line number="165" hits="2" branch="False" />
                <line number="166" hits="2" branch="False" />
                <line number="167" hits="2" branch="False" />
                <line number="168" hits="6" branch="False" />
              </lines>
            </method>
            <method name="get_Note" signature="()" line-rate="1" branch-rate="1" complexity="1">
              <lines>
                <line number="173" hits="5" branch="False" />
              </lines>
            </method>
            <method name="set_Note" signature="(System.String)" line-rate="0" branch-rate="1" complexity="1">
              <lines>
                <line number="175" hits="0" branch="False" />
                <line number="176" hits="0" branch="False" />
                <line number="177" hits="0" branch="False" />
              </lines>
            </method>
            <method name="get_Doi" signature="()" line-rate="1" branch-rate="1" complexity="1">
              <lines>
                <line number="183" hits="5" branch="False" />
              </lines>
            </method>
            <method name="set_Doi" signature="(System.String)" line-rate="0" branch-rate="1" complexity="1">
              <lines>
                <line number="185" hits="0" branch="False" />
                <line number="186" hits="0" branch="False" />
                <line number="187" hits="0" branch="False" />
              </lines>
            </method>
            <method name="ToBibtex" signature="()" line-rate="0.8823000000000001" branch-rate="0.6666" complexity="18">
              <lines>
                <line number="191" hits="4" branch="False" />
                <line number="192" hits="4" branch="True" condition-coverage="50% (4/8)">
                  <conditions>
                    <condition number="12" type="jump" coverage="50%" />
                    <condition number="25" type="jump" coverage="50%" />
                    <condition number="38" type="jump" coverage="50%" />
                    <condition number="56" type="jump" coverage="50%" />
                  </conditions>
                </line>
                <line number="193" hits="0" branch="False" />
                <line number="194" hits="0" branch="False" />
                <line number="197" hits="4" branch="True" condition-coverage="80% (8/10)">
                  <conditions>
                    <condition number="309" type="jump" coverage="100%" />
                    <condition number="353" type="jump" coverage="100%" />
                    <condition number="397" type="jump" coverage="100%" />
                    <condition number="441" type="jump" coverage="50%" />
                    <condition number="485" type="jump" coverage="50%" />
                  </conditions>
                </line>
                <line number="198" hits="4" branch="False" />
                <line number="199" hits="4" branch="False" />
                <line number="200" hits="4" branch="False" />
                <line number="201" hits="4" branch="False" />
                <line number="202" hits="4" branch="False" />
                <line number="203" hits="4" branch="False" />
                <line number="204" hits="4" branch="False" />
                <line number="205" hits="4" branch="False" />
                <line number="206" hits="4" branch="False" />
                <line number="207" hits="4" branch="False" />
                <line number="208" hits="4" branch="False" />
                <line number="209" hits="4" branch="False" />
              </lines>
            </method>
            <method name=".ctor" signature="()" line-rate="1" branch-rate="1" complexity="1">
              <lines>
                <line number="119" hits="23" branch="False" />
                <line number="129" hits="23" branch="False" />
                <line number="144" hits="23" branch="False" />
                <line number="170" hits="23" branch="False" />
                <line number="180" hits="23" branch="False" />
              </lines>
            </method>
          </methods>
          <lines>
            <line number="122" hits="10" branch="False" />
            <line number="124" hits="7" branch="False" />
            <line number="125" hits="7" branch="False" />
            <line number="126" hits="7" branch="False" />
            <line number="132" hits="10" branch="False" />
            <line number="134" hits="8" branch="False" />
            <line number="135" hits="8" branch="True" condition-coverage="100% (2/2)">
              <conditions>
                <condition number="13" type="jump" coverage="100%" />
              </conditions>
            </line>
            <line number="136" hits="3" branch="False" />
            <line number="137" hits="3" branch="False" />
            <line number="139" hits="5" branch="False" />
            <line number="141" hits="5" branch="False" />
            <line number="147" hits="9" branch="False" />
            <line number="149" hits="7" branch="False" />
            <line number="150" hits="7" branch="False" />
            <line number="151" hits="7" branch="True" condition-coverage="100% (2/2)">
              <conditions>
                <condition number="14" type="jump" coverage="100%" />
              </conditions>
            </line>
            <line number="152" hits="5" branch="False" />
            <line number="153" hits="5" branch="False" />
            <line number="154" hits="25" branch="True" condition-coverage="100% (2/2)">
              <conditions>
                <condition number="73" type="jump" coverage="100%" />
              </conditions>
            </line>
            <line number="155" hits="5" branch="False" />
            <line number="156" hits="5" branch="False" />
            <line number="157" hits="5" branch="False" />
            <line number="158" hits="5" branch="True" condition-coverage="100% (2/2)">
              <conditions>
                <condition number="115" type="jump" coverage="100%" />
              </conditions>
            </line>
            <line number="159" hits="1" branch="False" />
            <line number="160" hits="1" branch="False" />
            <line number="162" hits="4" branch="False" />
            <line number="163" hits="4" branch="False" />
            <line number="165" hits="2" branch="False" />
            <line number="166" hits="2" branch="False" />
            <line number="167" hits="2" branch="False" />
            <line number="168" hits="6" branch="False" />
            <line number="173" hits="5" branch="False" />
            <line number="175" hits="0" branch="False" />
            <line number="176" hits="0" branch="False" />
            <line number="177" hits="0" branch="False" />
            <line number="183" hits="5" branch="False" />
            <line number="185" hits="0" branch="False" />
            <line number="186" hits="0" branch="False" />
            <line number="187" hits="0" branch="False" />
            <line number="191" hits="4" branch="False" />
            <line number="192" hits="4" branch="True" condition-coverage="50% (4/8)">
              <conditions>
                <condition number="12" type="jump" coverage="50%" />
                <condition number="25" type="jump" coverage="50%" />
                <condition number="38" type="jump" coverage="50%" />
                <condition number="56" type="jump" coverage="50%" />
              </conditions>
            </line>
            <line number="193" hits="0" branch="False" />
            <line number="194" hits="0" branch="False" />
            <line number="197" hits="4" branch="True" condition-coverage="80% (8/10)">
              <conditions>
                <condition number="309" type="jump" coverage="100%" />
                <condition number="353" type="jump" coverage="100%" />
                <condition number="397" type="jump" coverage="100%" />
                <condition number="441" type="jump" coverage="50%" />
                <condition number="485" type="jump" coverage="50%" />
              </conditions>
            </line>
            <line number="198" hits="4" branch="False" />
            <line number="199" hits="4" branch="False" />
            <line number="200" hits="4" branch="False" />
            <line number="201" hits="4" branch="False" />
            <line number="202" hits="4" branch="False" />
            <line number="203" hits="4" branch="False" />
            <line number="204" hits="4" branch="False" />
            <line number="205" hits="4" branch="False" />
            <line number="206" hits="4" branch="False" />
            <line number="207" hits="4" branch="False" />
            <line number="208" hits="4" branch="False" />
            <line number="209" hits="4" branch="False" />
            <line number="119" hits="23" branch="False" />
            <line number="129" hits="23" branch="False" />
            <line number="144" hits="23" branch="False" />
            <line number="170" hits="23" branch="False" />
            <line number="180" hits="23" branch="False" />
          </lines>
        </class>
        <class name="ReferenceManager.InProceedingsReference" filename="Reference.cs" line-rate="0.9692000000000001" branch-rate="0.6666" complexity="47">
          <methods>
            <method name="get_BookTitle" signature="()" line-rate="1" branch-rate="1" complexity="1">
              <lines>
                <line number="221" hits="16" branch="False" />
              </lines>
            </method>
            <method name="set_BookTitle" signature="(System.String)" line-rate="1" branch-rate="1" complexity="2">
              <lines>
                <line number="223" hits="10" branch="False" />
                <line number="224" hits="10" branch="True" condition-coverage="100% (2/2)">
                  <conditions>
                    <condition number="9" type="jump" coverage="100%" />
                  </conditions>
                </line>
                <line number="225" hits="1" branch="False" />
                <line number="226" hits="1" branch="False" />
                <line number="228" hits="9" branch="False" />
                <line number="229" hits="9" branch="False" />
              </lines>
            </method>
            <method name="get_Volume" signature="()" line-rate="1" branch-rate="1" complexity="1">
              <lines>
                <line number="235" hits="11" branch="False" />
              </lines>
            </method>
            <method name="set_Volume" signature="(System.String)" line-rate="1" branch-rate="1" complexity="2">
              <lines>
                <line number="237" hits="4" branch="False" />
                <line number="238" hits="4" branch="True" condition-coverage="100% (2/2)">
                  <conditions>
                    <condition number="13" type="jump" coverage="100%" />
                  </conditions>
                </line>
                <line number="239" hits="1" branch="False" />
                <line number="240" hits="1" branch="False" />
                <line number="242" hits="3" branch="False" />
                <line number="243" hits="3" branch="False" />
              </lines>
            </method>
            <method name="get_Editor" signature="()" line-rate="1" branch-rate="1" complexity="1">
              <lines>
                <line number="246" hits="26" branch="False" />
              </lines>
            </method>
            <method name="get_Number" signature="()" line-rate="1" branch-rate="1" complexity="1">
              <lines>
                <line number="247" hits="19" branch="False" />
              </lines>
            </method>
            <method name="get_Series" signature="()" line-rate="1" branch-rate="1" complexity="1">
              <lines>
                <line number="248" hits="26" branch="False" />
              </lines>
            </method>
            <method name="get_Pages" signature="()" line-rate="1" branch-rate="1" complexity="1">
              <lines>
                <line number="253" hits="11" branch="False" />
              </lines>
            </method>
            <method name="set_Pages" signature="(System.String)" line-rate="1" branch-rate="1" complexity="6">
              <lines>
                <line number="255" hits="10" branch="False" />
                <line number="256" hits="10" branch="False" />
                <line number="257" hits="10" branch="True" condition-coverage="100% (2/2)">
                  <conditions>
                    <condition number="14" type="jump" coverage="100%" />
                  </conditions>
                </line>
                <line number="258" hits="4" branch="False" />
                <line number="259" hits="4" branch="False" />
                <line number="260" hits="20" branch="True" condition-coverage="100% (2/2)">
                  <conditions>
                    <condition number="73" type="jump" coverage="100%" />
                  </conditions>
                </line>
                <line number="261" hits="4" branch="False" />
                <line number="262" hits="4" branch="False" />
                <line number="263" hits="4" branch="False" />
                <line number="264" hits="4" branch="True" condition-coverage="100% (2/2)">
                  <conditions>
                    <condition number="115" type="jump" coverage="100%" />
                  </conditions>
                </line>
                <line number="265" hits="2" branch="False" />
                <line number="266" hits="2" branch="False" />
                <line number="268" hits="2" branch="False" />
                <line number="269" hits="2" branch="False" />
                <line number="271" hits="6" branch="False" />
                <line number="272" hits="6" branch="False" />
                <line number="273" hits="6" branch="False" />
                <line number="274" hits="8" branch="False" />
              </lines>
            </method>
            <method name="get_Address" signature="()" line-rate="1" branch-rate="1" complexity="1">
              <lines>
                <line number="276" hits="26" branch="False" />
              </lines>
            </method>
            <method name="get_Organization" signature="()" line-rate="1" branch-rate="1" complexity="1">
              <lines>
                <line number="277" hits="26" branch="False" />
              </lines>
            </method>
            <method name="get_Publisher" signature="()" line-rate="1" branch-rate="1" complexity="1">
              <lines>
                <line number="278" hits="26" branch="False" />
              </lines>
            </method>
            <method name="get_Note" signature="()" line-rate="1" branch-rate="1" complexity="1">
              <lines>
                <line number="279" hits="26" branch="False" />
              </lines>
            </method>
            <method name="ToBibtex" signature="()" line-rate="0.909" branch-rate="0.5384" complexity="26">
              <lines>
                <line number="282" hits="6" branch="False" />
                <line number="283" hits="6" branch="True" condition-coverage="50% (4/8)">
                  <conditions>
                    <condition number="12" type="jump" coverage="50%" />
                    <condition number="25" type="jump" coverage="50%" />
                    <condition number="38" type="jump" coverage="50%" />
                    <condition number="56" type="jump" coverage="50%" />
                  </conditions>
                </line>
                <line number="284" hits="6" branch="False" />
                <line number="285" hits="0" branch="False" />
                <line number="286" hits="0" branch="False" />
                <line number="289" hits="6" branch="True" condition-coverage="55.55% (10/18)">
                  <conditions>
                    <condition number="310" type="jump" coverage="50%" />
                    <condition number="354" type="jump" coverage="100%" />
                    <condition number="398" type="jump" coverage="50%" />
                    <condition number="442" type="jump" coverage="50%" />
                    <condition number="486" type="jump" coverage="50%" />
                    <condition number="530" type="jump" coverage="50%" />
                    <condition number="574" type="jump" coverage="50%" />
                    <condition number="618" type="jump" coverage="50%" />
                    <condition number="663" type="jump" coverage="50%" />
                  </conditions>
                </line>
                <line number="290" hits="6" branch="False" />
                <line number="291" hits="6" branch="False" />
                <line number="292" hits="6" branch="False" />
                <line number="293" hits="6" branch="False" />
                <line number="294" hits="6" branch="False" />
                <line number="295" hits="6" branch="False" />
                <line number="296" hits="6" branch="False" />
                <line number="297" hits="6" branch="False" />
                <line number="298" hits="6" branch="False" />
                <line number="299" hits="6" branch="False" />
                <line number="300" hits="6" branch="False" />
                <line number="301" hits="6" branch="False" />
                <line number="302" hits="6" branch="False" />
                <line number="303" hits="6" branch="False" />
                <line number="304" hits="6" branch="False" />
                <line number="305" hits="6" branch="False" />
              </lines>
            </method>
            <method name=".ctor" signature="()" line-rate="1" branch-rate="1" complexity="1">
              <lines>
                <line number="218" hits="18" branch="False" />
                <line number="232" hits="18" branch="False" />
                <line number="250" hits="18" branch="False" />
              </lines>
            </method>
          </methods>
          <lines>
            <line number="221" hits="16" branch="False" />
            <line number="223" hits="10" branch="False" />
            <line number="224" hits="10" branch="True" condition-coverage="100% (2/2)">
              <conditions>
                <condition number="9" type="jump" coverage="100%" />
              </conditions>
            </line>
            <line number="225" hits="1" branch="False" />
            <line number="226" hits="1" branch="False" />
            <line number="228" hits="9" branch="False" />
            <line number="229" hits="9" branch="False" />
            <line number="235" hits="11" branch="False" />
            <line number="237" hits="4" branch="False" />
            <line number="238" hits="4" branch="True" condition-coverage="100% (2/2)">
              <conditions>
                <condition number="13" type="jump" coverage="100%" />
              </conditions>
            </line>
            <line number="239" hits="1" branch="False" />
            <line number="240" hits="1" branch="False" />
            <line number="242" hits="3" branch="False" />
            <line number="243" hits="3" branch="False" />
            <line number="246" hits="26" branch="False" />
            <line number="247" hits="19" branch="False" />
            <line number="248" hits="26" branch="False" />
            <line number="253" hits="11" branch="False" />
            <line number="255" hits="10" branch="False" />
            <line number="256" hits="10" branch="False" />
            <line number="257" hits="10" branch="True" condition-coverage="100% (2/2)">
              <conditions>
                <condition number="14" type="jump" coverage="100%" />
              </conditions>
            </line>
            <line number="258" hits="4" branch="False" />
            <line number="259" hits="4" branch="False" />
            <line number="260" hits="20" branch="True" condition-coverage="100% (2/2)">
              <conditions>
                <condition number="73" type="jump" coverage="100%" />
              </conditions>
            </line>
            <line number="261" hits="4" branch="False" />
            <line number="262" hits="4" branch="False" />
            <line number="263" hits="4" branch="False" />
            <line number="264" hits="4" branch="True" condition-coverage="100% (2/2)">
              <conditions>
                <condition number="115" type="jump" coverage="100%" />
              </conditions>
            </line>
            <line number="265" hits="2" branch="False" />
            <line number="266" hits="2" branch="False" />
            <line number="268" hits="2" branch="False" />
            <line number="269" hits="2" branch="False" />
            <line number="271" hits="6" branch="False" />
            <line number="272" hits="6" branch="False" />
            <line number="273" hits="6" branch="False" />
            <line number="274" hits="8" branch="False" />
            <line number="276" hits="26" branch="False" />
            <line number="277" hits="26" branch="False" />
            <line number="278" hits="26" branch="False" />
            <line number="279" hits="26" branch="False" />
            <line number="282" hits="6" branch="False" />
            <line number="283" hits="6" branch="True" condition-coverage="50% (4/8)">
              <conditions>
                <condition number="12" type="jump" coverage="50%" />
                <condition number="25" type="jump" coverage="50%" />
                <condition number="38" type="jump" coverage="50%" />
                <condition number="56" type="jump" coverage="50%" />
              </conditions>
            </line>
            <line number="284" hits="6" branch="False" />
            <line number="285" hits="0" branch="False" />
            <line number="286" hits="0" branch="False" />
            <line number="289" hits="6" branch="True" condition-coverage="55.55% (10/18)">
              <conditions>
                <condition number="310" type="jump" coverage="50%" />
                <condition number="354" type="jump" coverage="100%" />
                <condition number="398" type="jump" coverage="50%" />
                <condition number="442" type="jump" coverage="50%" />
                <condition number="486" type="jump" coverage="50%" />
                <condition number="530" type="jump" coverage="50%" />
                <condition number="574" type="jump" coverage="50%" />
                <condition number="618" type="jump" coverage="50%" />
                <condition number="663" type="jump" coverage="50%" />
              </conditions>
            </line>
            <line number="290" hits="6" branch="False" />
            <line number="291" hits="6" branch="False" />
            <line number="292" hits="6" branch="False" />
            <line number="293" hits="6" branch="False" />
            <line number="294" hits="6" branch="False" />
            <line number="295" hits="6" branch="False" />
            <line number="296" hits="6" branch="False" />
            <line number="297" hits="6" branch="False" />
            <line number="298" hits="6" branch="False" />
            <line number="299" hits="6" branch="False" />
            <line number="300" hits="6" branch="False" />
            <line number="301" hits="6" branch="False" />
            <line number="302" hits="6" branch="False" />
            <line number="303" hits="6" branch="False" />
            <line number="304" hits="6" branch="False" />
            <line number="305" hits="6" branch="False" />
            <line number="218" hits="18" branch="False" />
            <line number="232" hits="18" branch="False" />
            <line number="250" hits="18" branch="False" />
          </lines>
        </class>
        <class name="ReferenceManager.Program" filename="ReferenceManager.cs" line-rate="0.8061" branch-rate="0.8035" complexity="59">
          <methods>
            <method name="get_FilePath" signature="()" line-rate="1" branch-rate="1" complexity="1">
              <lines>
                <line number="19" hits="21" branch="False" />
              </lines>
            </method>
            <method name="Run" signature="()" line-rate="1" branch-rate="1" complexity="8">
              <lines>
                <line number="36" hits="4" branch="False" />
                <line number="37" hits="4" branch="False" />
                <line number="39" hits="4" branch="False" />
                <line number="41" hits="9" branch="False" />
                <line number="42" hits="9" branch="False" />
                <line number="43" hits="9" branch="False" />
                <line number="44" hits="9" branch="False" />
                <line number="46" hits="9" branch="True" condition-coverage="100% (8/8)">
                  <conditions>
                    <condition number="94" type="jump" coverage="100%" />
                    <condition number="107" type="jump" coverage="100%" />
                    <condition number="120" type="jump" coverage="100%" />
                    <condition number="133" type="jump" coverage="100%" />
                  </conditions>
                </line>
                <line number="49" hits="2" branch="False" />
                <line number="50" hits="2" branch="False" />
                <line number="52" hits="1" branch="False" />
                <line number="53" hits="1" branch="False" />
                <line number="55" hits="1" branch="False" />
                <line number="56" hits="1" branch="False" />
                <line number="58" hits="4" branch="False" />
                <line number="59" hits="4" branch="False" />
                <line number="61" hits="1" branch="False" />
                <line number="62" hits="1" branch="False" />
                <line number="64" hits="5" branch="False" />
                <line number="65" hits="4" branch="False" />
              </lines>
            </method>
            <method name="AddReference" signature="(System.Collections.Generic.List`1&lt;ReferenceManager.Reference&gt;)" line-rate="0.8461" branch-rate="0.75" complexity="4">
              <lines>
                <line number="68" hits="2" branch="False" />
                <line number="69" hits="2" branch="False" />
                <line number="70" hits="2" branch="False" />
                <line number="71" hits="2" branch="False" />
                <line number="73" hits="2" branch="False" />
                <line number="75" hits="2" branch="True" condition-coverage="75% (3/4)">
                  <conditions>
                    <condition number="84" type="jump" coverage="50%" />
                    <condition number="97" type="jump" coverage="100%" />
                  </conditions>
                </line>
                <line number="78" hits="0" branch="False" />
                <line number="79" hits="0" branch="False" />
                <line number="81" hits="1" branch="False" />
                <line number="82" hits="1" branch="False" />
                <line number="84" hits="1" branch="False" />
                <line number="85" hits="1" branch="False" />
                <line number="87" hits="2" branch="False" />
              </lines>
            </method>
            <method name="GiveUserInputFromMandatoryField" signature="(System.String)" line-rate="1" branch-rate="1" complexity="4">
              <lines>
                <line number="93" hits="25" branch="False" />
                <line number="96" hits="28" branch="False" />
                <line number="97" hits="28" branch="False" />
                <line number="98" hits="28" branch="False" />
                <line number="100" hits="28" branch="True" condition-coverage="100% (2/2)">
                  <conditions>
                    <condition number="45" type="jump" coverage="100%" />
                  </conditions>
                </line>
                <line number="101" hits="3" branch="False" />
                <line number="102" hits="3" branch="False" />
                <line number="103" hits="3" branch="False" />
                <line number="104" hits="56" branch="True" condition-coverage="100% (2/2)">
                  <conditions>
                    <condition number="81" type="jump" coverage="100%" />
                  </conditions>
                </line>
                <line number="106" hits="25" branch="False" />
                <line number="107" hits="25" branch="False" />
              </lines>
            </method>
            <method name="AddJournalArticle" signature="(System.Collections.Generic.List`1&lt;ReferenceManager.Reference&gt;)" line-rate="0.9620000000000001" branch-rate="0.9" complexity="10">
              <lines>
                <line number="113" hits="3" branch="False" />
                <line number="114" hits="3" branch="False" />
                <line number="115" hits="3" branch="False" />
                <line number="116" hits="3" branch="False" />
                <line number="117" hits="3" branch="False" />
                <line number="118" hits="3" branch="False" />
                <line number="119" hits="3" branch="False" />
                <line number="120" hits="3" branch="False" />
                <line number="121" hits="3" branch="False" />
                <line number="123" hits="4" branch="False" />
                <line number="124" hits="4" branch="False" />
                <line number="125" hits="4" branch="False" />
                <line number="127" hits="4" branch="False" />
                <line number="128" hits="4" branch="False" />
                <line number="129" hits="3" branch="False" />
                <line number="131" hits="1" branch="False" />
                <line number="132" hits="1" branch="False" />
                <line number="133" hits="1" branch="False" />
                <line number="134" hits="1" branch="False" />
                <line number="135" hits="1" branch="False" />
                <line number="137" hits="3" branch="False" />
                <line number="138" hits="3" branch="False" />
                <line number="140" hits="4" branch="False" />
                <line number="141" hits="4" branch="False" />
                <line number="142" hits="4" branch="False" />
                <line number="143" hits="4" branch="False" />
                <line number="145" hits="4" branch="True" condition-coverage="100% (2/2)">
                  <conditions>
                    <condition number="222" type="jump" coverage="100%" />
                  </conditions>
                </line>
                <line number="146" hits="2" branch="False" />
                <line number="147" hits="2" branch="False" />
                <line number="151" hits="2" branch="False" />
                <line number="152" hits="2" branch="False" />
                <line number="153" hits="1" branch="False" />
                <line number="155" hits="1" branch="False" />
                <line number="156" hits="1" branch="False" />
                <line number="157" hits="1" branch="False" />
                <line number="158" hits="1" branch="False" />
                <line number="159" hits="1" branch="False" />
                <line number="161" hits="4" branch="False" />
                <line number="162" hits="4" branch="False" />
                <line number="163" hits="4" branch="False" />
                <line number="164" hits="4" branch="False" />
                <line number="166" hits="4" branch="False" />
                <line number="167" hits="4" branch="False" />
                <line number="168" hits="3" branch="False" />
                <line number="170" hits="1" branch="False" />
                <line number="171" hits="1" branch="False" />
                <line number="172" hits="1" branch="False" />
                <line number="173" hits="1" branch="False" />
                <line number="174" hits="1" branch="False" />
                <line number="176" hits="3" branch="True" condition-coverage="100% (2/2)">
                  <conditions>
                    <condition number="366" type="jump" coverage="100%" />
                  </conditions>
                </line>
                <line number="177" hits="1" branch="False" />
                <line number="178" hits="1" branch="False" />
                <line number="179" hits="1" branch="False" />
                <line number="181" hits="3" branch="False" />
                <line number="182" hits="3" branch="False" />
                <line number="183" hits="3" branch="False" />
                <line number="184" hits="3" branch="False" />
                <line number="185" hits="3" branch="False" />
                <line number="186" hits="3" branch="False" />
                <line number="188" hits="3" branch="True" condition-coverage="100% (2/2)">
                  <conditions>
                    <condition number="498" type="jump" coverage="100%" />
                  </conditions>
                </line>
                <line number="189" hits="1" branch="False" />
                <line number="190" hits="1" branch="False" />
                <line number="191" hits="1" branch="False" />
                <line number="193" hits="3" branch="False" />
                <line number="194" hits="3" branch="False" />
                <line number="196" hits="3" branch="True" condition-coverage="100% (2/2)">
                  <conditions>
                    <condition number="567" type="jump" coverage="100%" />
                  </conditions>
                </line>
                <line number="197" hits="1" branch="False" />
                <line number="198" hits="1" branch="False" />
                <line number="199" hits="1" branch="False" />
                <line number="201" hits="2" branch="False" />
                <line number="204" hits="2" branch="False" />
                <line number="206" hits="2" branch="True" condition-coverage="50% (1/2)">
                  <conditions>
                    <condition number="624" type="jump" coverage="50%" />
                  </conditions>
                </line>
                <line number="207" hits="2" branch="False" />
                <line number="208" hits="2" branch="False" />
                <line number="209" hits="2" branch="False" />
                <line number="211" hits="0" branch="False" />
                <line number="212" hits="0" branch="False" />
                <line number="213" hits="0" branch="False" />
                <line number="214" hits="3" branch="False" />
              </lines>
            </method>
            <method name="AddInProceedings" signature="(System.Collections.Generic.List`1&lt;ReferenceManager.Reference&gt;)" line-rate="0.608" branch-rate="0.6" complexity="20">
              <lines>
                <line number="218" hits="5" branch="False" />
                <line number="219" hits="5" branch="False" />
                <line number="220" hits="5" branch="False" />
                <line number="221" hits="5" branch="False" />
                <line number="223" hits="5" branch="False" />
                <line number="224" hits="5" branch="False" />
                <line number="226" hits="5" branch="False" />
                <line number="227" hits="5" branch="False" />
                <line number="228" hits="5" branch="False" />
                <line number="230" hits="5" branch="False" />
                <line number="231" hits="5" branch="False" />
                <line number="232" hits="5" branch="False" />
                <line number="234" hits="0" branch="False" />
                <line number="235" hits="0" branch="False" />
                <line number="236" hits="0" branch="False" />
                <line number="237" hits="0" branch="False" />
                <line number="238" hits="0" branch="False" />
                <line number="240" hits="5" branch="False" />
                <line number="241" hits="5" branch="False" />
                <line number="242" hits="5" branch="False" />
                <line number="244" hits="5" branch="False" />
                <line number="245" hits="5" branch="False" />
                <line number="246" hits="5" branch="False" />
                <line number="248" hits="0" branch="False" />
                <line number="249" hits="0" branch="False" />
                <line number="250" hits="0" branch="False" />
                <line number="251" hits="0" branch="False" />
                <line number="252" hits="0" branch="False" />
                <line number="254" hits="5" branch="False" />
                <line number="255" hits="5" branch="False" />
                <line number="256" hits="5" branch="False" />
                <line number="258" hits="5" branch="False" />
                <line number="259" hits="5" branch="False" />
                <line number="260" hits="5" branch="False" />
                <line number="262" hits="0" branch="False" />
                <line number="263" hits="0" branch="False" />
                <line number="264" hits="0" branch="False" />
                <line number="265" hits="0" branch="False" />
                <line number="266" hits="0" branch="False" />
                <line number="268" hits="5" branch="False" />
                <line number="269" hits="5" branch="False" />
                <line number="271" hits="5" branch="True" condition-coverage="50% (1/2)">
                  <conditions>
                    <condition number="280" type="jump" coverage="50%" />
                  </conditions>
                </line>
                <line number="272" hits="0" branch="False" />
                <line number="273" hits="0" branch="False" />
                <line number="274" hits="0" branch="False" />
                <line number="276" hits="5" branch="False" />
                <line number="277" hits="5" branch="False" />
                <line number="279" hits="5" branch="True" condition-coverage="50% (1/2)">
                  <conditions>
                    <condition number="339" type="jump" coverage="50%" />
                  </conditions>
                </line>
                <line number="280" hits="0" branch="False" />
                <line number="281" hits="0" branch="False" />
                <line number="282" hits="0" branch="False" />
                <line number="284" hits="5" branch="False" />
                <line number="285" hits="5" branch="False" />
                <line number="286" hits="5" branch="False" />
                <line number="287" hits="5" branch="False" />
                <line number="289" hits="5" branch="True" condition-coverage="100% (2/2)">
                  <conditions>
                    <condition number="400" type="jump" coverage="100%" />
                  </conditions>
                </line>
                <line number="290" hits="3" branch="False" />
                <line number="291" hits="3" branch="False" />
                <line number="295" hits="2" branch="False" />
                <line number="296" hits="2" branch="False" />
                <line number="297" hits="2" branch="False" />
                <line number="299" hits="0" branch="False" />
                <line number="300" hits="0" branch="False" />
                <line number="301" hits="0" branch="False" />
                <line number="302" hits="0" branch="False" />
                <line number="303" hits="0" branch="False" />
                <line number="305" hits="5" branch="False" />
                <line number="306" hits="5" branch="False" />
                <line number="307" hits="5" branch="True" condition-coverage="50% (1/2)">
                  <conditions>
                    <condition number="498" type="jump" coverage="50%" />
                  </conditions>
                </line>
                <line number="308" hits="0" branch="False" />
                <line number="309" hits="0" branch="False" />
                <line number="310" hits="0" branch="False" />
                <line number="312" hits="5" branch="False" />
                <line number="313" hits="5" branch="False" />
                <line number="314" hits="5" branch="False" />
                <line number="315" hits="5" branch="False" />
                <line number="317" hits="5" branch="False" />
                <line number="318" hits="5" branch="False" />
                <line number="319" hits="5" branch="False" />
                <line number="321" hits="0" branch="False" />
                <line number="322" hits="0" branch="False" />
                <line number="323" hits="0" branch="False" />
                <line number="324" hits="0" branch="False" />
                <line number="325" hits="0" branch="False" />
                <line number="327" hits="5" branch="False" />
                <line number="328" hits="5" branch="False" />
                <line number="329" hits="5" branch="True" condition-coverage="50% (1/2)">
                  <conditions>
                    <condition number="641" type="jump" coverage="50%" />
                  </conditions>
                </line>
                <line number="330" hits="0" branch="False" />
                <line number="331" hits="0" branch="False" />
                <line number="332" hits="0" branch="False" />
                <line number="334" hits="5" branch="False" />
                <line number="335" hits="5" branch="False" />
                <line number="336" hits="5" branch="True" condition-coverage="50% (1/2)">
                  <conditions>
                    <condition number="703" type="jump" coverage="50%" />
                  </conditions>
                </line>
                <line number="337" hits="0" branch="False" />
                <line number="338" hits="0" branch="False" />
                <line number="339" hits="0" branch="False" />
                <line number="341" hits="5" branch="False" />
                <line number="342" hits="5" branch="False" />
                <line number="343" hits="5" branch="True" condition-coverage="50% (1/2)">
                  <conditions>
                    <condition number="765" type="jump" coverage="50%" />
                  </conditions>
                </line>
                <line number="344" hits="0" branch="False" />
                <line number="345" hits="0" branch="False" />
                <line number="346" hits="0" branch="False" />
                <line number="348" hits="5" branch="False" />
                <line number="349" hits="5" branch="False" />
                <line number="350" hits="5" branch="True" condition-coverage="50% (1/2)">
                  <conditions>
                    <condition number="827" type="jump" coverage="50%" />
                  </conditions>
                </line>
                <line number="351" hits="0" branch="False" />
                <line number="352" hits="0" branch="False" />
                <line number="353" hits="0" branch="False" />
                <line number="355" hits="5" branch="False" />
                <line number="356" hits="5" branch="False" />
                <line number="358" hits="5" branch="False" />
                <line number="359" hits="5" branch="False" />
                <line number="361" hits="5" branch="True" condition-coverage="100% (2/2)">
                  <conditions>
                    <condition number="931" type="jump" coverage="100%" />
                  </conditions>
                </line>
                <line number="362" hits="1" branch="False" />
                <line number="363" hits="1" branch="False" />
                <line number="364" hits="1" branch="False" />
                <line number="367" hits="4" branch="False" />
                <line number="369" hits="4" branch="True" condition-coverage="50% (1/2)">
                  <conditions>
                    <condition number="971" type="jump" coverage="50%" />
                  </conditions>
                </line>
                <line number="370" hits="4" branch="False" />
                <line number="371" hits="4" branch="False" />
                <line number="372" hits="4" branch="False" />
                <line number="374" hits="0" branch="False" />
                <line number="375" hits="0" branch="False" />
                <line number="376" hits="0" branch="False" />
                <line number="377" hits="5" branch="False" />
              </lines>
            </method>
            <method name="GetAuthors" signature="()" line-rate="1" branch-rate="1" complexity="6">
              <lines>
                <line number="385" hits="8" branch="False" />
                <line number="386" hits="8" branch="False" />
                <line number="388" hits="17" branch="False" />
                <line number="389" hits="17" branch="False" />
                <line number="390" hits="17" branch="True" condition-coverage="100% (2/2)">
                  <conditions>
                    <condition number="22" type="jump" coverage="100%" />
                  </conditions>
                </line>
                <line number="391" hits="17" branch="False" />
                <line number="392" hits="17" branch="False" />
                <line number="393" hits="17" branch="False" />
                <line number="395" hits="17" branch="True" condition-coverage="100% (2/2)">
                  <conditions>
                    <condition number="65" type="jump" coverage="100%" />
                  </conditions>
                </line>
                <line number="396" hits="8" branch="False" />
                <line number="397" hits="8" branch="False" />
                <line number="398" hits="8" branch="False" />
                <line number="399" hits="9" branch="True" condition-coverage="100% (2/2)">
                  <conditions>
                    <condition number="95" type="jump" coverage="100%" />
                  </conditions>
                </line>
                <line number="400" hits="8" branch="False" />
                <line number="401" hits="8" branch="False" />
                <line number="404" hits="1" branch="False" />
                <line number="405" hits="1" branch="False" />
                <line number="406" hits="1" branch="False" />
                <line number="407" hits="9" branch="False" />
                <line number="409" hits="8" branch="False" />
                <line number="410" hits="8" branch="False" />
              </lines>
            </method>
            <method name="ListReferences" signature="(System.Collections.Generic.List`1&lt;ReferenceManager.Reference&gt;)" line-rate="0.8234999999999999" branch-rate="0.75" complexity="4">
              <lines>
                <line number="420" hits="1" branch="False" />
                <line number="421" hits="1" branch="False" />
                <line number="424" hits="1" branch="True" condition-coverage="50% (1/2)">
                  <conditions>
                    <condition number="30" type="jump" coverage="50%" />
                  </conditions>
                </line>
                <line number="425" hits="1" branch="False" />
                <line number="426" hits="1" branch="False" />
                <line number="427" hits="1" branch="False" />
                <line number="428" hits="1" branch="False" />
                <line number="430" hits="8" branch="True" condition-coverage="100% (2/2)">
                  <conditions>
                    <condition number="92" type="jump" coverage="100%" />
                  </conditions>
                </line>
                <line number="431" hits="7" branch="False" />
                <line number="432" hits="7" branch="False" />
                <line number="433" hits="7" branch="False" />
                <line number="434" hits="1" branch="False" />
                <line number="435" hits="1" branch="False" />
                <line number="437" hits="0" branch="False" />
                <line number="438" hits="0" branch="False" />
                <line number="439" hits="0" branch="False" />
                <line number="440" hits="1" branch="False" />
              </lines>
            </method>
            <method name="ShowHelp" signature="()" line-rate="1" branch-rate="1" complexity="1">
              <lines>
                <line number="446" hits="1" branch="False" />
                <line number="447" hits="1" branch="False" />
                <line number="448" hits="1" branch="False" />
              </lines>
            </method>
            <method name=".ctor" signature="(ReferenceManager.ConsoleIO)" line-rate="1" branch-rate="1" complexity="1">
              <lines>
                <line number="27" hits="11" branch="False" />
                <line number="28" hits="11" branch="False" />
                <line number="29" hits="11" branch="False" />
                <line number="30" hits="11" branch="False" />
              </lines>
            </method>
          </methods>
          <lines>
            <line number="19" hits="21" branch="False" />
            <line number="36" hits="4" branch="False" />
            <line number="37" hits="4" branch="False" />
            <line number="39" hits="4" branch="False" />
            <line number="41" hits="9" branch="False" />
            <line number="42" hits="9" branch="False" />
            <line number="43" hits="9" branch="False" />
            <line number="44" hits="9" branch="False" />
            <line number="46" hits="9" branch="True" condition-coverage="100% (8/8)">
              <conditions>
                <condition number="94" type="jump" coverage="100%" />
                <condition number="107" type="jump" coverage="100%" />
                <condition number="120" type="jump" coverage="100%" />
                <condition number="133" type="jump" coverage="100%" />
              </conditions>
            </line>
            <line number="49" hits="2" branch="False" />
            <line number="50" hits="2" branch="False" />
            <line number="52" hits="1" branch="False" />
            <line number="53" hits="1" branch="False" />
            <line number="55" hits="1" branch="False" />
            <line number="56" hits="1" branch="False" />
            <line number="58" hits="4" branch="False" />
            <line number="59" hits="4" branch="False" />
            <line number="61" hits="1" branch="False" />
            <line number="62" hits="1" branch="False" />
            <line number="64" hits="5" branch="False" />
            <line number="65" hits="4" branch="False" />
            <line number="68" hits="2" branch="False" />
            <line number="69" hits="2" branch="False" />
            <line number="70" hits="2" branch="False" />
            <line number="71" hits="2" branch="False" />
            <line number="73" hits="2" branch="False" />
            <line number="75" hits="2" branch="True" condition-coverage="75% (3/4)">
              <conditions>
                <condition number="84" type="jump" coverage="50%" />
                <condition number="97" type="jump" coverage="100%" />
              </conditions>
            </line>
            <line number="78" hits="0" branch="False" />
            <line number="79" hits="0" branch="False" />
            <line number="81" hits="1" branch="False" />
            <line number="82" hits="1" branch="False" />
            <line number="84" hits="1" branch="False" />
            <line number="85" hits="1" branch="False" />
            <line number="87" hits="2" branch="False" />
            <line number="93" hits="25" branch="False" />
            <line number="96" hits="28" branch="False" />
            <line number="97" hits="28" branch="False" />
            <line number="98" hits="28" branch="False" />
            <line number="100" hits="28" branch="True" condition-coverage="100% (2/2)">
              <conditions>
                <condition number="45" type="jump" coverage="100%" />
              </conditions>
            </line>
            <line number="101" hits="3" branch="False" />
            <line number="102" hits="3" branch="False" />
            <line number="103" hits="3" branch="False" />
            <line number="104" hits="56" branch="True" condition-coverage="100% (2/2)">
              <conditions>
                <condition number="81" type="jump" coverage="100%" />
              </conditions>
            </line>
            <line number="106" hits="25" branch="False" />
            <line number="107" hits="25" branch="False" />
            <line number="113" hits="3" branch="False" />
            <line number="114" hits="3" branch="False" />
            <line number="115" hits="3" branch="False" />
            <line number="116" hits="3" branch="False" />
            <line number="117" hits="3" branch="False" />
            <line number="118" hits="3" branch="False" />
            <line number="119" hits="3" branch="False" />
            <line number="120" hits="3" branch="False" />
            <line number="121" hits="3" branch="False" />
            <line number="123" hits="4" branch="False" />
            <line number="124" hits="4" branch="False" />
            <line number="125" hits="4" branch="False" />
            <line number="127" hits="4" branch="False" />
            <line number="128" hits="4" branch="False" />
            <line number="129" hits="3" branch="False" />
            <line number="131" hits="1" branch="False" />
            <line number="132" hits="1" branch="False" />
            <line number="133" hits="1" branch="False" />
            <line number="134" hits="1" branch="False" />
            <line number="135" hits="1" branch="False" />
            <line number="137" hits="3" branch="False" />
            <line number="138" hits="3" branch="False" />
            <line number="140" hits="4" branch="False" />
            <line number="141" hits="4" branch="False" />
            <line number="142" hits="4" branch="False" />
            <line number="143" hits="4" branch="False" />
            <line number="145" hits="4" branch="True" condition-coverage="100% (2/2)">
              <conditions>
                <condition number="222" type="jump" coverage="100%" />
              </conditions>
            </line>
            <line number="146" hits="2" branch="False" />
            <line number="147" hits="2" branch="False" />
            <line number="151" hits="2" branch="False" />
            <line number="152" hits="2" branch="False" />
            <line number="153" hits="1" branch="False" />
            <line number="155" hits="1" branch="False" />
            <line number="156" hits="1" branch="False" />
            <line number="157" hits="1" branch="False" />
            <line number="158" hits="1" branch="False" />
            <line number="159" hits="1" branch="False" />
            <line number="161" hits="4" branch="False" />
            <line number="162" hits="4" branch="False" />
            <line number="163" hits="4" branch="False" />
            <line number="164" hits="4" branch="False" />
            <line number="166" hits="4" branch="False" />
            <line number="167" hits="4" branch="False" />
            <line number="168" hits="3" branch="False" />
            <line number="170" hits="1" branch="False" />
            <line number="171" hits="1" branch="False" />
            <line number="172" hits="1" branch="False" />
            <line number="173" hits="1" branch="False" />
            <line number="174" hits="1" branch="False" />
            <line number="176" hits="3" branch="True" condition-coverage="100% (2/2)">
              <conditions>
                <condition number="366" type="jump" coverage="100%" />
              </conditions>
            </line>
            <line number="177" hits="1" branch="False" />
            <line number="178" hits="1" branch="False" />
            <line number="179" hits="1" branch="False" />
            <line number="181" hits="3" branch="False" />
            <line number="182" hits="3" branch="False" />
            <line number="183" hits="3" branch="False" />
            <line number="184" hits="3" branch="False" />
            <line number="185" hits="3" branch="False" />
            <line number="186" hits="3" branch="False" />
            <line number="188" hits="3" branch="True" condition-coverage="100% (2/2)">
              <conditions>
                <condition number="498" type="jump" coverage="100%" />
              </conditions>
            </line>
            <line number="189" hits="1" branch="False" />
            <line number="190" hits="1" branch="False" />
            <line number="191" hits="1" branch="False" />
            <line number="193" hits="3" branch="False" />
            <line number="194" hits="3" branch="False" />
            <line number="196" hits="3" branch="True" condition-coverage="100% (2/2)">
              <conditions>
                <condition number="567" type="jump" coverage="100%" />
              </conditions>
            </line>
            <line number="197" hits="1" branch="False" />
            <line number="198" hits="1" branch="False" />
            <line number="199" hits="1" branch="False" />
            <line number="201" hits="2" branch="False" />
            <line number="204" hits="2" branch="False" />
            <line number="206" hits="2" branch="True" condition-coverage="50% (1/2)">
              <conditions>
                <condition number="624" type="jump" coverage="50%" />
              </conditions>
            </line>
            <line number="207" hits="2" branch="False" />
            <line number="208" hits="2" branch="False" />
            <line number="209" hits="2" branch="False" />
            <line number="211" hits="0" branch="False" />
            <line number="212" hits="0" branch="False" />
            <line number="213" hits="0" branch="False" />
            <line number="214" hits="3" branch="False" />
            <line number="218" hits="5" branch="False" />
            <line number="219" hits="5" branch="False" />
            <line number="220" hits="5" branch="False" />
            <line number="221" hits="5" branch="False" />
            <line number="223" hits="5" branch="False" />
            <line number="224" hits="5" branch="False" />
            <line number="226" hits="5" branch="False" />
            <line number="227" hits="5" branch="False" />
            <line number="228" hits="5" branch="False" />
            <line number="230" hits="5" branch="False" />
            <line number="231" hits="5" branch="False" />
            <line number="232" hits="5" branch="False" />
            <line number="234" hits="0" branch="False" />
            <line number="235" hits="0" branch="False" />
            <line number="236" hits="0" branch="False" />
            <line number="237" hits="0" branch="False" />
            <line number="238" hits="0" branch="False" />
            <line number="240" hits="5" branch="False" />
            <line number="241" hits="5" branch="False" />
            <line number="242" hits="5" branch="False" />
            <line number="244" hits="5" branch="False" />
            <line number="245" hits="5" branch="False" />
            <line number="246" hits="5" branch="False" />
            <line number="248" hits="0" branch="False" />
            <line number="249" hits="0" branch="False" />
            <line number="250" hits="0" branch="False" />
            <line number="251" hits="0" branch="False" />
            <line number="252" hits="0" branch="False" />
            <line number="254" hits="5" branch="False" />
            <line number="255" hits="5" branch="False" />
            <line number="256" hits="5" branch="False" />
            <line number="258" hits="5" branch="False" />
            <line number="259" hits="5" branch="False" />
            <line number="260" hits="5" branch="False" />
            <line number="262" hits="0" branch="False" />
            <line number="263" hits="0" branch="False" />
            <line number="264" hits="0" branch="False" />
            <line number="265" hits="0" branch="False" />
            <line number="266" hits="0" branch="False" />
            <line number="268" hits="5" branch="False" />
            <line number="269" hits="5" branch="False" />
            <line number="271" hits="5" branch="True" condition-coverage="50% (1/2)">
              <conditions>
                <condition number="280" type="jump" coverage="50%" />
              </conditions>
            </line>
            <line number="272" hits="0" branch="False" />
            <line number="273" hits="0" branch="False" />
            <line number="274" hits="0" branch="False" />
            <line number="276" hits="5" branch="False" />
            <line number="277" hits="5" branch="False" />
            <line number="279" hits="5" branch="True" condition-coverage="50% (1/2)">
              <conditions>
                <condition number="339" type="jump" coverage="50%" />
              </conditions>
            </line>
            <line number="280" hits="0" branch="False" />
            <line number="281" hits="0" branch="False" />
            <line number="282" hits="0" branch="False" />
            <line number="284" hits="5" branch="False" />
            <line number="285" hits="5" branch="False" />
            <line number="286" hits="5" branch="False" />
            <line number="287" hits="5" branch="False" />
            <line number="289" hits="5" branch="True" condition-coverage="100% (2/2)">
              <conditions>
                <condition number="400" type="jump" coverage="100%" />
              </conditions>
            </line>
            <line number="290" hits="3" branch="False" />
            <line number="291" hits="3" branch="False" />
            <line number="295" hits="2" branch="False" />
            <line number="296" hits="2" branch="False" />
            <line number="297" hits="2" branch="False" />
            <line number="299" hits="0" branch="False" />
            <line number="300" hits="0" branch="False" />
            <line number="301" hits="0" branch="False" />
            <line number="302" hits="0" branch="False" />
            <line number="303" hits="0" branch="False" />
            <line number="305" hits="5" branch="False" />
            <line number="306" hits="5" branch="False" />
            <line number="307" hits="5" branch="True" condition-coverage="50% (1/2)">
              <conditions>
                <condition number="498" type="jump" coverage="50%" />
              </conditions>
            </line>
            <line number="308" hits="0" branch="False" />
            <line number="309" hits="0" branch="False" />
            <line number="310" hits="0" branch="False" />
            <line number="312" hits="5" branch="False" />
            <line number="313" hits="5" branch="False" />
            <line number="314" hits="5" branch="False" />
            <line number="315" hits="5" branch="False" />
            <line number="317" hits="5" branch="False" />
            <line number="318" hits="5" branch="False" />
            <line number="319" hits="5" branch="False" />
            <line number="321" hits="0" branch="False" />
            <line number="322" hits="0" branch="False" />
            <line number="323" hits="0" branch="False" />
            <line number="324" hits="0" branch="False" />
            <line number="325" hits="0" branch="False" />
            <line number="327" hits="5" branch="False" />
            <line number="328" hits="5" branch="False" />
            <line number="329" hits="5" branch="True" condition-coverage="50% (1/2)">
              <conditions>
                <condition number="641" type="jump" coverage="50%" />
              </conditions>
            </line>
            <line number="330" hits="0" branch="False" />
            <line number="331" hits="0" branch="False" />
            <line number="332" hits="0" branch="False" />
            <line number="334" hits="5" branch="False" />
            <line number="335" hits="5" branch="False" />
            <line number="336" hits="5" branch="True" condition-coverage="50% (1/2)">
              <conditions>
                <condition number="703" type="jump" coverage="50%" />
              </conditions>
            </line>
            <line number="337" hits="0" branch="False" />
            <line number="338" hits="0" branch="False" />
            <line number="339" hits="0" branch="False" />
            <line number="341" hits="5" branch="False" />
            <line number="342" hits="5" branch="False" />
            <line number="343" hits="5" branch="True" condition-coverage="50% (1/2)">
              <conditions>
                <condition number="765" type="jump" coverage="50%" />
              </conditions>
            </line>
            <line number="344" hits="0" branch="False" />
            <line number="345" hits="0" branch="False" />
            <line number="346" hits="0" branch="False" />
            <line number="348" hits="5" branch="False" />
            <line number="349" hits="5" branch="False" />
            <line number="350" hits="5" branch="True" condition-coverage="50% (1/2)">
              <conditions>
                <condition number="827" type="jump" coverage="50%" />
              </conditions>
            </line>
            <line number="351" hits="0" branch="False" />
            <line number="352" hits="0" branch="False" />
            <line number="353" hits="0" branch="False" />
            <line number="355" hits="5" branch="False" />
            <line number="356" hits="5" branch="False" />
            <line number="358" hits="5" branch="False" />
            <line number="359" hits="5" branch="False" />
            <line number="361" hits="5" branch="True" condition-coverage="100% (2/2)">
              <conditions>
                <condition number="931" type="jump" coverage="100%" />
              </conditions>
            </line>
            <line number="362" hits="1" branch="False" />
            <line number="363" hits="1" branch="False" />
            <line number="364" hits="1" branch="False" />
            <line number="367" hits="4" branch="False" />
            <line number="369" hits="4" branch="True" condition-coverage="50% (1/2)">
              <conditions>
                <condition number="971" type="jump" coverage="50%" />
              </conditions>
            </line>
            <line number="370" hits="4" branch="False" />
            <line number="371" hits="4" branch="False" />
            <line number="372" hits="4" branch="False" />
            <line number="374" hits="0" branch="False" />
            <line number="375" hits="0" branch="False" />
            <line number="376" hits="0" branch="False" />
            <line number="377" hits="5" branch="False" />
            <line number="385" hits="8" branch="False" />
            <line number="386" hits="8" branch="False" />
            <line number="388" hits="17" branch="False" />
            <line number="389" hits="17" branch="False" />
            <line number="390" hits="17" branch="True" condition-coverage="100% (2/2)">
              <conditions>
                <condition number="22" type="jump" coverage="100%" />
              </conditions>
            </line>
            <line number="391" hits="17" branch="False" />
            <line number="392" hits="17" branch="False" />
            <line number="393" hits="17" branch="False" />
            <line number="395" hits="17" branch="True" condition-coverage="100% (2/2)">
              <conditions>
                <condition number="65" type="jump" coverage="100%" />
              </conditions>
            </line>
            <line number="396" hits="8" branch="False" />
            <line number="397" hits="8" branch="False" />
            <line number="398" hits="8" branch="False" />
            <line number="399" hits="9" branch="True" condition-coverage="100% (2/2)">
              <conditions>
                <condition number="95" type="jump" coverage="100%" />
              </conditions>
            </line>
            <line number="400" hits="8" branch="False" />
            <line number="401" hits="8" branch="False" />
            <line number="404" hits="1" branch="False" />
            <line number="405" hits="1" branch="False" />
            <line number="406" hits="1" branch="False" />
            <line number="407" hits="9" branch="False" />
            <line number="409" hits="8" branch="False" />
            <line number="410" hits="8" branch="False" />
            <line number="420" hits="1" branch="False" />
            <line number="421" hits="1" branch="False" />
            <line number="424" hits="1" branch="True" condition-coverage="50% (1/2)">
              <conditions>
                <condition number="30" type="jump" coverage="50%" />
              </conditions>
            </line>
            <line number="425" hits="1" branch="False" />
            <line number="426" hits="1" branch="False" />
            <line number="427" hits="1" branch="False" />
            <line number="428" hits="1" branch="False" />
            <line number="430" hits="8" branch="True" condition-coverage="100% (2/2)">
              <conditions>
                <condition number="92" type="jump" coverage="100%" />
              </conditions>
            </line>
            <line number="431" hits="7" branch="False" />
            <line number="432" hits="7" branch="False" />
            <line number="433" hits="7" branch="False" />
            <line number="434" hits="1" branch="False" />
            <line number="435" hits="1" branch="False" />
            <line number="437" hits="0" branch="False" />
            <line number="438" hits="0" branch="False" />
            <line number="439" hits="0" branch="False" />
            <line number="440" hits="1" branch="False" />
            <line number="446" hits="1" branch="False" />
            <line number="447" hits="1" branch="False" />
            <line number="448" hits="1" branch="False" />
            <line number="27" hits="11" branch="False" />
            <line number="28" hits="11" branch="False" />
            <line number="29" hits="11" branch="False" />
            <line number="30" hits="11" branch="False" />
          </lines>
        </class>
        <class name="ReferenceManager.ConsoleIO" filename="ReferenceManager.cs" line-rate="0" branch-rate="0" complexity="3">
          <methods>
            <method name="Write" signature="(System.String)" line-rate="0" branch-rate="1" complexity="1">
              <lines>
                <line number="462" hits="0" branch="False" />
                <line number="463" hits="0" branch="False" />
                <line number="464" hits="0" branch="False" />
              </lines>
            </method>
            <method name="Read" signature="()" line-rate="0" branch-rate="0" complexity="2">
              <lines>
                <line number="471" hits="0" branch="False" />
                <line number="472" hits="0" branch="True" condition-coverage="0% (0/2)">
                  <conditions>
                    <condition number="7" type="jump" coverage="0%" />
                  </conditions>
                </line>
                <line number="473" hits="0" branch="False" />
              </lines>
            </method>
          </methods>
          <lines>
            <line number="462" hits="0" branch="False" />
            <line number="463" hits="0" branch="False" />
            <line number="464" hits="0" branch="False" />
            <line number="471" hits="0" branch="False" />
            <line number="472" hits="0" branch="True" condition-coverage="0% (0/2)">
              <conditions>
                <condition number="7" type="jump" coverage="0%" />
              </conditions>
            </line>
            <line number="473" hits="0" branch="False" />
          </lines>
        </class>
        <class name="ReferenceManager.EntryPoint" filename="ReferenceManager.cs" line-rate="0" branch-rate="1" complexity="1">
          <methods>
            <method name="Main" signature="(System.String[])" line-rate="0" branch-rate="1" complexity="1">
              <lines>
                <line number="486" hits="0" branch="False" />
                <line number="487" hits="0" branch="False" />
                <line number="488" hits="0" branch="False" />
                <line number="489" hits="0" branch="False" />
                <line number="490" hits="0" branch="False" />
              </lines>
            </method>
          </methods>
          <lines>
            <line number="486" hits="0" branch="False" />
            <line number="487" hits="0" branch="False" />
            <line number="488" hits="0" branch="False" />
            <line number="489" hits="0" branch="False" />
            <line number="490" hits="0" branch="False" />
          </lines>
        </class>
      </classes>
    </package>
  </packages>
</coverage>