<?xml version="1.0" encoding="utf-8"?>
<coverage line-rate="0.5884" branch-rate="0.3716" version="1.9" timestamp="1734088859" lines-covered="406" lines-valid="690" branches-covered="110" branches-valid="296">
  <sources>
    <source>D:\kurssit\tjt\Syventävät\TEKA3003\ohjelmistotuotanto-miniprojekti\ReferenceManager\</source>
  </sources>
  <packages>
    <package name="ReferenceManager" line-rate="0.5884" branch-rate="0.3716" complexity="331">
      <classes>
        <class name="ReferenceManager.FileReferenceLoader" filename="FileReferenceLoader.cs" line-rate="0" branch-rate="0" complexity="35">
          <methods>
            <method name="LoadReferences" signature="()" line-rate="0" branch-rate="0" complexity="34">
              <lines>
                <line number="28" hits="0" branch="False" />
                <line number="29" hits="0" branch="False" />
                <line number="31" hits="0" branch="True" condition-coverage="0% (0/2)">
                  <conditions>
                    <condition number="23" type="jump" coverage="0%" />
                  </conditions>
                </line>
                <line number="32" hits="0" branch="False" />
                <line number="33" hits="0" branch="False" />
                <line number="34" hits="0" branch="False" />
                <line number="38" hits="0" branch="False" />
                <line number="39" hits="0" branch="False" />
                <line number="41" hits="0" branch="False" />
                <line number="42" hits="0" branch="True" condition-coverage="0% (0/2)">
                  <conditions>
                    <condition number="477" type="jump" coverage="0%" />
                  </conditions>
                </line>
                <line number="43" hits="0" branch="False" />
                <line number="44" hits="0" branch="True" condition-coverage="0% (0/4)">
                  <conditions>
                    <condition number="93" type="jump" coverage="0%" />
                    <condition number="114" type="jump" coverage="0%" />
                  </conditions>
                </line>
                <line number="45" hits="0" branch="False" />
                <line number="46" hits="0" branch="True" condition-coverage="0% (0/2)">
                  <conditions>
                    <condition number="126" type="jump" coverage="0%" />
                  </conditions>
                </line>
                <line number="47" hits="0" branch="False" />
                <line number="48" hits="0" branch="False" />
                <line number="49" hits="0" branch="False" />
                <line number="51" hits="0" branch="True" condition-coverage="0% (0/2)">
                  <conditions>
                    <condition number="151" type="jump" coverage="0%" />
                  </conditions>
                </line>
                <line number="52" hits="0" branch="False" />
                <line number="53" hits="0" branch="False" />
                <line number="54" hits="0" branch="False" />
                <line number="55" hits="0" branch="True" condition-coverage="0% (0/4)">
                  <conditions>
                    <condition number="185" type="jump" coverage="0%" />
                    <condition number="199" type="jump" coverage="0%" />
                  </conditions>
                </line>
                <line number="56" hits="0" branch="False" />
                <line number="57" hits="0" branch="False" />
                <line number="58" hits="0" branch="True" condition-coverage="0% (0/2)">
                  <conditions>
                    <condition number="237" type="jump" coverage="0%" />
                  </conditions>
                </line>
                <line number="59" hits="0" branch="False" />
                <line number="60" hits="0" branch="False" />
                <line number="61" hits="0" branch="False" />
                <line number="63" hits="0" branch="True" condition-coverage="0% (0/10)">
                  <conditions>
                    <condition number="312" type="jump" coverage="0%" />
                    <condition number="326" type="jump" coverage="0%" />
                    <condition number="340" type="jump" coverage="0%" />
                    <condition number="354" type="jump" coverage="0%" />
                    <condition number="368" type="jump" coverage="0%" />
                  </conditions>
                </line>
                <line number="66" hits="0" branch="False" />
                <line number="67" hits="0" branch="False" />
                <line number="69" hits="0" branch="False" />
                <line number="70" hits="0" branch="False" />
                <line number="72" hits="0" branch="False" />
                <line number="73" hits="0" branch="False" />
                <line number="74" hits="0" branch="True" condition-coverage="0% (0/2)">
                  <conditions>
                    <condition number="419" type="jump" coverage="0%" />
                  </conditions>
                </line>
                <line number="75" hits="0" branch="False" />
                <line number="76" hits="0" branch="False" />
                <line number="77" hits="0" branch="True" condition-coverage="0% (0/2)">
                  <conditions>
                    <condition number="446" type="jump" coverage="0%" />
                  </conditions>
                </line>
                <line number="78" hits="0" branch="False" />
                <line number="79" hits="0" branch="False" />
                <line number="81" hits="0" branch="False" />
                <line number="82" hits="0" branch="False" />
                <line number="83" hits="0" branch="False" />
                <line number="85" hits="0" branch="True" condition-coverage="0% (0/2)">
                  <conditions>
                    <condition number="491" type="jump" coverage="0%" />
                  </conditions>
                </line>
                <line number="86" hits="0" branch="False" />
                <line number="87" hits="0" branch="False" />
                <line number="88" hits="0" branch="False" />
                <line number="89" hits="0" branch="False" />
                <line number="90" hits="0" branch="False" />
                <line number="91" hits="0" branch="False" />
                <line number="92" hits="0" branch="False" />
                <line number="93" hits="0" branch="False" />
                <line number="95" hits="0" branch="False" />
                <line number="96" hits="0" branch="False" />
              </lines>
            </method>
            <method name=".ctor" signature="(System.String)" line-rate="0" branch-rate="1" complexity="1">
              <lines>
                <line number="18" hits="0" branch="False" />
                <line number="19" hits="0" branch="False" />
                <line number="20" hits="0" branch="False" />
                <line number="21" hits="0" branch="False" />
              </lines>
            </method>
          </methods>
          <lines>
            <line number="28" hits="0" branch="False" />
            <line number="29" hits="0" branch="False" />
            <line number="31" hits="0" branch="True" condition-coverage="0% (0/2)">
              <conditions>
                <condition number="23" type="jump" coverage="0%" />
              </conditions>
            </line>
            <line number="32" hits="0" branch="False" />
            <line number="33" hits="0" branch="False" />
            <line number="34" hits="0" branch="False" />
            <line number="38" hits="0" branch="False" />
            <line number="39" hits="0" branch="False" />
            <line number="41" hits="0" branch="False" />
            <line number="42" hits="0" branch="True" condition-coverage="0% (0/2)">
              <conditions>
                <condition number="477" type="jump" coverage="0%" />
              </conditions>
            </line>
            <line number="43" hits="0" branch="False" />
            <line number="44" hits="0" branch="True" condition-coverage="0% (0/4)">
              <conditions>
                <condition number="93" type="jump" coverage="0%" />
                <condition number="114" type="jump" coverage="0%" />
              </conditions>
            </line>
            <line number="45" hits="0" branch="False" />
            <line number="46" hits="0" branch="True" condition-coverage="0% (0/2)">
              <conditions>
                <condition number="126" type="jump" coverage="0%" />
              </conditions>
            </line>
            <line number="47" hits="0" branch="False" />
            <line number="48" hits="0" branch="False" />
            <line number="49" hits="0" branch="False" />
            <line number="51" hits="0" branch="True" condition-coverage="0% (0/2)">
              <conditions>
                <condition number="151" type="jump" coverage="0%" />
              </conditions>
            </line>
            <line number="52" hits="0" branch="False" />
            <line number="53" hits="0" branch="False" />
            <line number="54" hits="0" branch="False" />
            <line number="55" hits="0" branch="True" condition-coverage="0% (0/4)">
              <conditions>
                <condition number="185" type="jump" coverage="0%" />
                <condition number="199" type="jump" coverage="0%" />
              </conditions>
            </line>
            <line number="56" hits="0" branch="False" />
            <line number="57" hits="0" branch="False" />
            <line number="58" hits="0" branch="True" condition-coverage="0% (0/2)">
              <conditions>
                <condition number="237" type="jump" coverage="0%" />
              </conditions>
            </line>
            <line number="59" hits="0" branch="False" />
            <line number="60" hits="0" branch="False" />
            <line number="61" hits="0" branch="False" />
            <line number="63" hits="0" branch="True" condition-coverage="0% (0/10)">
              <conditions>
                <condition number="312" type="jump" coverage="0%" />
                <condition number="326" type="jump" coverage="0%" />
                <condition number="340" type="jump" coverage="0%" />
                <condition number="354" type="jump" coverage="0%" />
                <condition number="368" type="jump" coverage="0%" />
              </conditions>
            </line>
            <line number="66" hits="0" branch="False" />
            <line number="67" hits="0" branch="False" />
            <line number="69" hits="0" branch="False" />
            <line number="70" hits="0" branch="False" />
            <line number="72" hits="0" branch="False" />
            <line number="73" hits="0" branch="False" />
            <line number="74" hits="0" branch="True" condition-coverage="0% (0/2)">
              <conditions>
                <condition number="419" type="jump" coverage="0%" />
              </conditions>
            </line>
            <line number="75" hits="0" branch="False" />
            <line number="76" hits="0" branch="False" />
            <line number="77" hits="0" branch="True" condition-coverage="0% (0/2)">
              <conditions>
                <condition number="446" type="jump" coverage="0%" />
              </conditions>
            </line>
            <line number="78" hits="0" branch="False" />
            <line number="79" hits="0" branch="False" />
            <line number="81" hits="0" branch="False" />
            <line number="82" hits="0" branch="False" />
            <line number="83" hits="0" branch="False" />
            <line number="85" hits="0" branch="True" condition-coverage="0% (0/2)">
              <conditions>
                <condition number="491" type="jump" coverage="0%" />
              </conditions>
            </line>
            <line number="86" hits="0" branch="False" />
            <line number="87" hits="0" branch="False" />
            <line number="88" hits="0" branch="False" />
            <line number="89" hits="0" branch="False" />
            <line number="90" hits="0" branch="False" />
            <line number="91" hits="0" branch="False" />
            <line number="92" hits="0" branch="False" />
            <line number="93" hits="0" branch="False" />
            <line number="95" hits="0" branch="False" />
            <line number="96" hits="0" branch="False" />
            <line number="18" hits="0" branch="False" />
            <line number="19" hits="0" branch="False" />
            <line number="20" hits="0" branch="False" />
            <line number="21" hits="0" branch="False" />
          </lines>
        </class>
        <class name="ReferenceManager.Reference" filename="Reference.cs" line-rate="0.8392000000000001" branch-rate="0.8332999999999999" complexity="27">
          <methods>
            <method name="isInt" signature="(System.String)" line-rate="1" branch-rate="1" complexity="1">
              <lines>
                <line number="17" hits="18" branch="False" />
                <line number="18" hits="18" branch="False" />
                <line number="19" hits="18" branch="False" />
              </lines>
            </method>
            <method name="get_Author" signature="()" line-rate="1" branch-rate="1" complexity="1">
              <lines>
                <line number="24" hits="63" branch="False" />
              </lines>
            </method>
            <method name="set_Author" signature="(System.String)" line-rate="1" branch-rate="1" complexity="1">
              <lines>
                <line number="26" hits="19" branch="False" />
                <line number="27" hits="19" branch="False" />
                <line number="28" hits="19" branch="False" />
              </lines>
            </method>
            <method name="get_Title" signature="()" line-rate="1" branch-rate="1" complexity="1">
              <lines>
                <line number="34" hits="56" branch="False" />
              </lines>
            </method>
            <method name="set_Title" signature="(System.String)" line-rate="0.6666" branch-rate="0.5" complexity="2">
              <lines>
                <line number="36" hits="19" branch="False" />
                <line number="37" hits="19" branch="True" condition-coverage="50% (1/2)">
                  <conditions>
                    <condition number="9" type="jump" coverage="50%" />
                  </conditions>
                </line>
                <line number="38" hits="0" branch="False" />
                <line number="39" hits="0" branch="False" />
                <line number="41" hits="19" branch="False" />
                <line number="42" hits="19" branch="False" />
              </lines>
            </method>
            <method name="get_Year" signature="()" line-rate="1" branch-rate="1" complexity="1">
              <lines>
                <line number="48" hits="46" branch="False" />
              </lines>
            </method>
            <method name="set_Year" signature="(System.String)" line-rate="1" branch-rate="1" complexity="6">
              <lines>
                <line number="50" hits="27" branch="False" />
                <line number="51" hits="27" branch="True" condition-coverage="100% (6/6)">
                  <conditions>
                    <condition number="9" type="jump" coverage="100%" />
                    <condition number="13" type="jump" coverage="100%" />
                    <condition number="31" type="jump" coverage="100%" />
                  </conditions>
                </line>
                <line number="52" hits="21" branch="False" />
                <line number="53" hits="21" branch="False" />
                <line number="54" hits="21" branch="False" />
                <line number="56" hits="6" branch="False" />
                <line number="57" hits="6" branch="False" />
                <line number="59" hits="21" branch="False" />
              </lines>
            </method>
            <method name="get_ReferenceKey" signature="()" line-rate="1" branch-rate="1" complexity="1">
              <lines>
                <line number="62" hits="20" branch="False" />
              </lines>
            </method>
            <method name="get_Month" signature="()" line-rate="1" branch-rate="1" complexity="1">
              <lines>
                <line number="66" hits="16" branch="False" />
              </lines>
            </method>
            <method name="set_Month" signature="(System.String)" line-rate="1" branch-rate="1" complexity="1">
              <lines>
                <line number="68" hits="1" branch="False" />
                <line number="69" hits="1" branch="False" />
                <line number="70" hits="1" branch="False" />
              </lines>
            </method>
            <method name="get_Key" signature="()" line-rate="1" branch-rate="1" complexity="4">
              <lines>
                <line number="73" hits="15" branch="True" condition-coverage="100% (4/4)">
                  <conditions>
                    <condition number="6" type="jump" coverage="100%" />
                    <condition number="19" type="jump" coverage="100%" />
                  </conditions>
                </line>
              </lines>
            </method>
            <method name="GenerateKey" signature="()" line-rate="1" branch-rate="0.75" complexity="4">
              <lines>
                <line number="76" hits="13" branch="False" />
                <line number="77" hits="13" branch="True" condition-coverage="100% (2/2)">
                  <conditions>
                    <condition number="17" type="jump" coverage="100%" />
                  </conditions>
                </line>
                <line number="78" hits="13" branch="False" />
                <line number="79" hits="13" branch="False" />
                <line number="81" hits="13" branch="True" condition-coverage="50% (1/2)">
                  <conditions>
                    <condition number="82" type="jump" coverage="50%" />
                  </conditions>
                </line>
                <line number="83" hits="13" branch="False" />
                <line number="84" hits="13" branch="False" />
              </lines>
            </method>
            <method name="ToBibtexFile" signature="()" line-rate="0.5625" branch-rate="0.5" complexity="2">
              <lines>
                <line number="89" hits="9" branch="False" />
                <line number="91" hits="9" branch="False" />
                <line number="92" hits="9" branch="False" />
                <line number="93" hits="9" branch="True" condition-coverage="50% (1/2)">
                  <conditions>
                    <condition number="17" type="jump" coverage="50%" />
                  </conditions>
                </line>
                <line number="94" hits="0" branch="False" />
                <line number="95" hits="0" branch="False" />
                <line number="96" hits="0" branch="False" />
                <line number="99" hits="9" branch="False" />
                <line number="100" hits="9" branch="False" />
                <line number="101" hits="9" branch="False" />
                <line number="102" hits="9" branch="False" />
                <line number="105" hits="0" branch="False" />
                <line number="106" hits="0" branch="False" />
                <line number="107" hits="0" branch="False" />
                <line number="108" hits="0" branch="False" />
                <line number="110" hits="9" branch="False" />
              </lines>
            </method>
            <method name=".ctor" signature="()" line-rate="1" branch-rate="1" complexity="1">
              <lines>
                <line number="21" hits="43" branch="False" />
                <line number="31" hits="43" branch="False" />
                <line number="45" hits="43" branch="False" />
                <line number="63" hits="43" branch="False" />
              </lines>
            </method>
          </methods>
          <lines>
            <line number="17" hits="18" branch="False" />
            <line number="18" hits="18" branch="False" />
            <line number="19" hits="18" branch="False" />
            <line number="24" hits="63" branch="False" />
            <line number="26" hits="19" branch="False" />
            <line number="27" hits="19" branch="False" />
            <line number="28" hits="19" branch="False" />
            <line number="34" hits="56" branch="False" />
            <line number="36" hits="19" branch="False" />
            <line number="37" hits="19" branch="True" condition-coverage="50% (1/2)">
              <conditions>
                <condition number="9" type="jump" coverage="50%" />
              </conditions>
            </line>
            <line number="38" hits="0" branch="False" />
            <line number="39" hits="0" branch="False" />
            <line number="41" hits="19" branch="False" />
            <line number="42" hits="19" branch="False" />
            <line number="48" hits="46" branch="False" />
            <line number="50" hits="27" branch="False" />
            <line number="51" hits="27" branch="True" condition-coverage="100% (6/6)">
              <conditions>
                <condition number="9" type="jump" coverage="100%" />
                <condition number="13" type="jump" coverage="100%" />
                <condition number="31" type="jump" coverage="100%" />
              </conditions>
            </line>
            <line number="52" hits="21" branch="False" />
            <line number="53" hits="21" branch="False" />
            <line number="54" hits="21" branch="False" />
            <line number="56" hits="6" branch="False" />
            <line number="57" hits="6" branch="False" />
            <line number="59" hits="21" branch="False" />
            <line number="62" hits="20" branch="False" />
            <line number="66" hits="16" branch="False" />
            <line number="68" hits="1" branch="False" />
            <line number="69" hits="1" branch="False" />
            <line number="70" hits="1" branch="False" />
            <line number="73" hits="15" branch="True" condition-coverage="100% (4/4)">
              <conditions>
                <condition number="6" type="jump" coverage="100%" />
                <condition number="19" type="jump" coverage="100%" />
              </conditions>
            </line>
            <line number="76" hits="13" branch="False" />
            <line number="77" hits="13" branch="True" condition-coverage="100% (2/2)">
              <conditions>
                <condition number="17" type="jump" coverage="100%" />
              </conditions>
            </line>
            <line number="78" hits="13" branch="False" />
            <line number="79" hits="13" branch="False" />
            <line number="81" hits="13" branch="True" condition-coverage="50% (1/2)">
              <conditions>
                <condition number="82" type="jump" coverage="50%" />
              </conditions>
            </line>
            <line number="83" hits="13" branch="False" />
            <line number="84" hits="13" branch="False" />
            <line number="89" hits="9" branch="False" />
            <line number="91" hits="9" branch="False" />
            <line number="92" hits="9" branch="False" />
            <line number="93" hits="9" branch="True" condition-coverage="50% (1/2)">
              <conditions>
                <condition number="17" type="jump" coverage="50%" />
              </conditions>
            </line>
            <line number="94" hits="0" branch="False" />
            <line number="95" hits="0" branch="False" />
            <line number="96" hits="0" branch="False" />
            <line number="99" hits="9" branch="False" />
            <line number="100" hits="9" branch="False" />
            <line number="101" hits="9" branch="False" />
            <line number="102" hits="9" branch="False" />
            <line number="105" hits="0" branch="False" />
            <line number="106" hits="0" branch="False" />
            <line number="107" hits="0" branch="False" />
            <line number="108" hits="0" branch="False" />
            <line number="110" hits="9" branch="False" />
            <line number="21" hits="43" branch="False" />
            <line number="31" hits="43" branch="False" />
            <line number="45" hits="43" branch="False" />
            <line number="63" hits="43" branch="False" />
          </lines>
        </class>
        <class name="ReferenceManager.ArticleReference" filename="Reference.cs" line-rate="0.8665999999999999" branch-rate="0.7692" complexity="35">
          <methods>
            <method name="get_Journal" signature="()" line-rate="1" branch-rate="1" complexity="1">
              <lines>
                <line number="122" hits="14" branch="False" />
              </lines>
            </method>
            <method name="set_Journal" signature="(System.String)" line-rate="1" branch-rate="1" complexity="1">
              <lines>
                <line number="124" hits="9" branch="False" />
                <line number="125" hits="9" branch="False" />
                <line number="126" hits="9" branch="False" />
              </lines>
            </method>
            <method name="get_Volume" signature="()" line-rate="1" branch-rate="1" complexity="1">
              <lines>
                <line number="132" hits="11" branch="False" />
              </lines>
            </method>
            <method name="set_Volume" signature="(System.String)" line-rate="1" branch-rate="1" complexity="2">
              <lines>
                <line number="134" hits="7" branch="False" />
                <line number="135" hits="7" branch="True" condition-coverage="100% (2/2)">
                  <conditions>
                    <condition number="13" type="jump" coverage="100%" />
                  </conditions>
                </line>
                <line number="136" hits="3" branch="False" />
                <line number="137" hits="3" branch="False" />
                <line number="139" hits="4" branch="False" />
                <line number="141" hits="4" branch="False" />
              </lines>
            </method>
            <method name="get_Pages" signature="()" line-rate="1" branch-rate="1" complexity="1">
              <lines>
                <line number="147" hits="11" branch="False" />
              </lines>
            </method>
            <method name="set_Pages" signature="(System.String)" line-rate="1" branch-rate="1" complexity="6">
              <lines>
                <line number="149" hits="9" branch="False" />
                <line number="150" hits="9" branch="False" />
                <line number="151" hits="9" branch="True" condition-coverage="100% (2/2)">
                  <conditions>
                    <condition number="14" type="jump" coverage="100%" />
                  </conditions>
                </line>
                <line number="152" hits="5" branch="False" />
                <line number="153" hits="5" branch="False" />
                <line number="154" hits="25" branch="True" condition-coverage="100% (2/2)">
                  <conditions>
                    <condition number="73" type="jump" coverage="100%" />
                  </conditions>
                </line>
                <line number="155" hits="5" branch="False" />
                <line number="156" hits="5" branch="False" />
                <line number="157" hits="5" branch="False" />
                <line number="158" hits="5" branch="True" condition-coverage="100% (2/2)">
                  <conditions>
                    <condition number="115" type="jump" coverage="100%" />
                  </conditions>
                </line>
                <line number="159" hits="1" branch="False" />
                <line number="160" hits="1" branch="False" />
                <line number="162" hits="4" branch="False" />
                <line number="163" hits="4" branch="False" />
                <line number="165" hits="4" branch="False" />
                <line number="166" hits="4" branch="False" />
                <line number="167" hits="4" branch="False" />
                <line number="168" hits="8" branch="False" />
              </lines>
            </method>
            <method name="get_Note" signature="()" line-rate="1" branch-rate="1" complexity="1">
              <lines>
                <line number="173" hits="7" branch="False" />
              </lines>
            </method>
            <method name="set_Note" signature="(System.String)" line-rate="0" branch-rate="1" complexity="1">
              <lines>
                <line number="175" hits="0" branch="False" />
                <line number="176" hits="0" branch="False" />
                <line number="177" hits="0" branch="False" />
              </lines>
            </method>
            <method name="get_Doi" signature="()" line-rate="1" branch-rate="1" complexity="1">
              <lines>
                <line number="183" hits="7" branch="False" />
              </lines>
            </method>
            <method name="set_Doi" signature="(System.String)" line-rate="0" branch-rate="1" complexity="1">
              <lines>
                <line number="185" hits="0" branch="False" />
                <line number="186" hits="0" branch="False" />
                <line number="187" hits="0" branch="False" />
              </lines>
            </method>
            <method name="ToBibtex" signature="()" line-rate="0.8823000000000001" branch-rate="0.6666" complexity="18">
              <lines>
                <line number="191" hits="6" branch="False" />
                <line number="192" hits="6" branch="True" condition-coverage="50% (4/8)">
                  <conditions>
                    <condition number="12" type="jump" coverage="50%" />
                    <condition number="25" type="jump" coverage="50%" />
                    <condition number="38" type="jump" coverage="50%" />
                    <condition number="56" type="jump" coverage="50%" />
                  </conditions>
                </line>
                <line number="193" hits="0" branch="False" />
                <line number="194" hits="0" branch="False" />
                <line number="197" hits="6" branch="True" condition-coverage="80% (8/10)">
                  <conditions>
                    <condition number="309" type="jump" coverage="100%" />
                    <condition number="353" type="jump" coverage="100%" />
                    <condition number="397" type="jump" coverage="100%" />
                    <condition number="441" type="jump" coverage="50%" />
                    <condition number="485" type="jump" coverage="50%" />
                  </conditions>
                </line>
                <line number="198" hits="6" branch="False" />
                <line number="199" hits="6" branch="False" />
                <line number="200" hits="6" branch="False" />
                <line number="201" hits="6" branch="False" />
                <line number="202" hits="6" branch="False" />
                <line number="203" hits="6" branch="False" />
                <line number="204" hits="6" branch="False" />
                <line number="205" hits="6" branch="False" />
                <line number="206" hits="6" branch="False" />
                <line number="207" hits="6" branch="False" />
                <line number="208" hits="6" branch="False" />
                <line number="209" hits="6" branch="False" />
              </lines>
            </method>
            <method name=".ctor" signature="()" line-rate="1" branch-rate="1" complexity="1">
              <lines>
                <line number="119" hits="25" branch="False" />
                <line number="129" hits="25" branch="False" />
                <line number="144" hits="25" branch="False" />
                <line number="170" hits="25" branch="False" />
                <line number="180" hits="25" branch="False" />
              </lines>
            </method>
          </methods>
          <lines>
            <line number="122" hits="14" branch="False" />
            <line number="124" hits="9" branch="False" />
            <line number="125" hits="9" branch="False" />
            <line number="126" hits="9" branch="False" />
            <line number="132" hits="11" branch="False" />
            <line number="134" hits="7" branch="False" />
            <line number="135" hits="7" branch="True" condition-coverage="100% (2/2)">
              <conditions>
                <condition number="13" type="jump" coverage="100%" />
              </conditions>
            </line>
            <line number="136" hits="3" branch="False" />
            <line number="137" hits="3" branch="False" />
            <line number="139" hits="4" branch="False" />
            <line number="141" hits="4" branch="False" />
            <line number="147" hits="11" branch="False" />
            <line number="149" hits="9" branch="False" />
            <line number="150" hits="9" branch="False" />
            <line number="151" hits="9" branch="True" condition-coverage="100% (2/2)">
              <conditions>
                <condition number="14" type="jump" coverage="100%" />
              </conditions>
            </line>
            <line number="152" hits="5" branch="False" />
            <line number="153" hits="5" branch="False" />
            <line number="154" hits="25" branch="True" condition-coverage="100% (2/2)">
              <conditions>
                <condition number="73" type="jump" coverage="100%" />
              </conditions>
            </line>
            <line number="155" hits="5" branch="False" />
            <line number="156" hits="5" branch="False" />
            <line number="157" hits="5" branch="False" />
            <line number="158" hits="5" branch="True" condition-coverage="100% (2/2)">
              <conditions>
                <condition number="115" type="jump" coverage="100%" />
              </conditions>
            </line>
            <line number="159" hits="1" branch="False" />
            <line number="160" hits="1" branch="False" />
            <line number="162" hits="4" branch="False" />
            <line number="163" hits="4" branch="False" />
            <line number="165" hits="4" branch="False" />
            <line number="166" hits="4" branch="False" />
            <line number="167" hits="4" branch="False" />
            <line number="168" hits="8" branch="False" />
            <line number="173" hits="7" branch="False" />
            <line number="175" hits="0" branch="False" />
            <line number="176" hits="0" branch="False" />
            <line number="177" hits="0" branch="False" />
            <line number="183" hits="7" branch="False" />
            <line number="185" hits="0" branch="False" />
            <line number="186" hits="0" branch="False" />
            <line number="187" hits="0" branch="False" />
            <line number="191" hits="6" branch="False" />
            <line number="192" hits="6" branch="True" condition-coverage="50% (4/8)">
              <conditions>
                <condition number="12" type="jump" coverage="50%" />
                <condition number="25" type="jump" coverage="50%" />
                <condition number="38" type="jump" coverage="50%" />
                <condition number="56" type="jump" coverage="50%" />
              </conditions>
            </line>
            <line number="193" hits="0" branch="False" />
            <line number="194" hits="0" branch="False" />
            <line number="197" hits="6" branch="True" condition-coverage="80% (8/10)">
              <conditions>
                <condition number="309" type="jump" coverage="100%" />
                <condition number="353" type="jump" coverage="100%" />
                <condition number="397" type="jump" coverage="100%" />
                <condition number="441" type="jump" coverage="50%" />
                <condition number="485" type="jump" coverage="50%" />
              </conditions>
            </line>
            <line number="198" hits="6" branch="False" />
            <line number="199" hits="6" branch="False" />
            <line number="200" hits="6" branch="False" />
            <line number="201" hits="6" branch="False" />
            <line number="202" hits="6" branch="False" />
            <line number="203" hits="6" branch="False" />
            <line number="204" hits="6" branch="False" />
            <line number="205" hits="6" branch="False" />
            <line number="206" hits="6" branch="False" />
            <line number="207" hits="6" branch="False" />
            <line number="208" hits="6" branch="False" />
            <line number="209" hits="6" branch="False" />
            <line number="119" hits="25" branch="False" />
            <line number="129" hits="25" branch="False" />
            <line number="144" hits="25" branch="False" />
            <line number="170" hits="25" branch="False" />
            <line number="180" hits="25" branch="False" />
          </lines>
        </class>
        <class name="ReferenceManager.InProceedingsReference" filename="Reference.cs" line-rate="0.9692000000000001" branch-rate="0.6666" complexity="47">
          <methods>
            <method name="get_BookTitle" signature="()" line-rate="1" branch-rate="1" complexity="1">
              <lines>
                <line number="221" hits="16" branch="False" />
              </lines>
            </method>
            <method name="set_BookTitle" signature="(System.String)" line-rate="1" branch-rate="1" complexity="2">
              <lines>
                <line number="223" hits="10" branch="False" />
                <line number="224" hits="10" branch="True" condition-coverage="100% (2/2)">
                  <conditions>
                    <condition number="9" type="jump" coverage="100%" />
                  </conditions>
                </line>
                <line number="225" hits="1" branch="False" />
                <line number="226" hits="1" branch="False" />
                <line number="228" hits="9" branch="False" />
                <line number="229" hits="9" branch="False" />
              </lines>
            </method>
            <method name="get_Volume" signature="()" line-rate="1" branch-rate="1" complexity="1">
              <lines>
                <line number="235" hits="11" branch="False" />
              </lines>
            </method>
            <method name="set_Volume" signature="(System.String)" line-rate="1" branch-rate="1" complexity="2">
              <lines>
                <line number="237" hits="4" branch="False" />
                <line number="238" hits="4" branch="True" condition-coverage="100% (2/2)">
                  <conditions>
                    <condition number="13" type="jump" coverage="100%" />
                  </conditions>
                </line>
                <line number="239" hits="1" branch="False" />
                <line number="240" hits="1" branch="False" />
                <line number="242" hits="3" branch="False" />
                <line number="243" hits="3" branch="False" />
              </lines>
            </method>
            <method name="get_Editor" signature="()" line-rate="1" branch-rate="1" complexity="1">
              <lines>
                <line number="246" hits="26" branch="False" />
              </lines>
            </method>
            <method name="get_Number" signature="()" line-rate="1" branch-rate="1" complexity="1">
              <lines>
                <line number="247" hits="19" branch="False" />
              </lines>
            </method>
            <method name="get_Series" signature="()" line-rate="1" branch-rate="1" complexity="1">
              <lines>
                <line number="248" hits="26" branch="False" />
              </lines>
            </method>
            <method name="get_Pages" signature="()" line-rate="1" branch-rate="1" complexity="1">
              <lines>
                <line number="253" hits="11" branch="False" />
              </lines>
            </method>
            <method name="set_Pages" signature="(System.String)" line-rate="1" branch-rate="1" complexity="6">
              <lines>
                <line number="255" hits="10" branch="False" />
                <line number="256" hits="10" branch="False" />
                <line number="257" hits="10" branch="True" condition-coverage="100% (2/2)">
                  <conditions>
                    <condition number="14" type="jump" coverage="100%" />
                  </conditions>
                </line>
                <line number="258" hits="4" branch="False" />
                <line number="259" hits="4" branch="False" />
                <line number="260" hits="20" branch="True" condition-coverage="100% (2/2)">
                  <conditions>
                    <condition number="73" type="jump" coverage="100%" />
                  </conditions>
                </line>
                <line number="261" hits="4" branch="False" />
                <line number="262" hits="4" branch="False" />
                <line number="263" hits="4" branch="False" />
                <line number="264" hits="4" branch="True" condition-coverage="100% (2/2)">
                  <conditions>
                    <condition number="115" type="jump" coverage="100%" />
                  </conditions>
                </line>
                <line number="265" hits="2" branch="False" />
                <line number="266" hits="2" branch="False" />
                <line number="268" hits="2" branch="False" />
                <line number="269" hits="2" branch="False" />
                <line number="271" hits="6" branch="False" />
                <line number="272" hits="6" branch="False" />
                <line number="273" hits="6" branch="False" />
                <line number="274" hits="8" branch="False" />
              </lines>
            </method>
            <method name="get_Address" signature="()" line-rate="1" branch-rate="1" complexity="1">
              <lines>
                <line number="276" hits="26" branch="False" />
              </lines>
            </method>
            <method name="get_Organization" signature="()" line-rate="1" branch-rate="1" complexity="1">
              <lines>
                <line number="277" hits="26" branch="False" />
              </lines>
            </method>
            <method name="get_Publisher" signature="()" line-rate="1" branch-rate="1" complexity="1">
              <lines>
                <line number="278" hits="26" branch="False" />
              </lines>
            </method>
            <method name="get_Note" signature="()" line-rate="1" branch-rate="1" complexity="1">
              <lines>
                <line number="279" hits="26" branch="False" />
              </lines>
            </method>
            <method name="ToBibtex" signature="()" line-rate="0.909" branch-rate="0.5384" complexity="26">
              <lines>
                <line number="282" hits="6" branch="False" />
                <line number="283" hits="6" branch="True" condition-coverage="50% (4/8)">
                  <conditions>
                    <condition number="12" type="jump" coverage="50%" />
                    <condition number="25" type="jump" coverage="50%" />
                    <condition number="38" type="jump" coverage="50%" />
                    <condition number="56" type="jump" coverage="50%" />
                  </conditions>
                </line>
                <line number="284" hits="6" branch="False" />
                <line number="285" hits="0" branch="False" />
                <line number="286" hits="0" branch="False" />
                <line number="289" hits="6" branch="True" condition-coverage="55.55% (10/18)">
                  <conditions>
                    <condition number="310" type="jump" coverage="50%" />
                    <condition number="354" type="jump" coverage="100%" />
                    <condition number="398" type="jump" coverage="50%" />
                    <condition number="442" type="jump" coverage="50%" />
                    <condition number="486" type="jump" coverage="50%" />
                    <condition number="530" type="jump" coverage="50%" />
                    <condition number="574" type="jump" coverage="50%" />
                    <condition number="618" type="jump" coverage="50%" />
                    <condition number="663" type="jump" coverage="50%" />
                  </conditions>
                </line>
                <line number="290" hits="6" branch="False" />
                <line number="291" hits="6" branch="False" />
                <line number="292" hits="6" branch="False" />
                <line number="293" hits="6" branch="False" />
                <line number="294" hits="6" branch="False" />
                <line number="295" hits="6" branch="False" />
                <line number="296" hits="6" branch="False" />
                <line number="297" hits="6" branch="False" />
                <line number="298" hits="6" branch="False" />
                <line number="299" hits="6" branch="False" />
                <line number="300" hits="6" branch="False" />
                <line number="301" hits="6" branch="False" />
                <line number="302" hits="6" branch="False" />
                <line number="303" hits="6" branch="False" />
                <line number="304" hits="6" branch="False" />
                <line number="305" hits="6" branch="False" />
              </lines>
            </method>
            <method name=".ctor" signature="()" line-rate="1" branch-rate="1" complexity="1">
              <lines>
                <line number="218" hits="18" branch="False" />
                <line number="232" hits="18" branch="False" />
                <line number="250" hits="18" branch="False" />
              </lines>
            </method>
          </methods>
          <lines>
            <line number="221" hits="16" branch="False" />
            <line number="223" hits="10" branch="False" />
            <line number="224" hits="10" branch="True" condition-coverage="100% (2/2)">
              <conditions>
                <condition number="9" type="jump" coverage="100%" />
              </conditions>
            </line>
            <line number="225" hits="1" branch="False" />
            <line number="226" hits="1" branch="False" />
            <line number="228" hits="9" branch="False" />
            <line number="229" hits="9" branch="False" />
            <line number="235" hits="11" branch="False" />
            <line number="237" hits="4" branch="False" />
            <line number="238" hits="4" branch="True" condition-coverage="100% (2/2)">
              <conditions>
                <condition number="13" type="jump" coverage="100%" />
              </conditions>
            </line>
            <line number="239" hits="1" branch="False" />
            <line number="240" hits="1" branch="False" />
            <line number="242" hits="3" branch="False" />
            <line number="243" hits="3" branch="False" />
            <line number="246" hits="26" branch="False" />
            <line number="247" hits="19" branch="False" />
            <line number="248" hits="26" branch="False" />
            <line number="253" hits="11" branch="False" />
            <line number="255" hits="10" branch="False" />
            <line number="256" hits="10" branch="False" />
            <line number="257" hits="10" branch="True" condition-coverage="100% (2/2)">
              <conditions>
                <condition number="14" type="jump" coverage="100%" />
              </conditions>
            </line>
            <line number="258" hits="4" branch="False" />
            <line number="259" hits="4" branch="False" />
            <line number="260" hits="20" branch="True" condition-coverage="100% (2/2)">
              <conditions>
                <condition number="73" type="jump" coverage="100%" />
              </conditions>
            </line>
            <line number="261" hits="4" branch="False" />
            <line number="262" hits="4" branch="False" />
            <line number="263" hits="4" branch="False" />
            <line number="264" hits="4" branch="True" condition-coverage="100% (2/2)">
              <conditions>
                <condition number="115" type="jump" coverage="100%" />
              </conditions>
            </line>
            <line number="265" hits="2" branch="False" />
            <line number="266" hits="2" branch="False" />
            <line number="268" hits="2" branch="False" />
            <line number="269" hits="2" branch="False" />
            <line number="271" hits="6" branch="False" />
            <line number="272" hits="6" branch="False" />
            <line number="273" hits="6" branch="False" />
            <line number="274" hits="8" branch="False" />
            <line number="276" hits="26" branch="False" />
            <line number="277" hits="26" branch="False" />
            <line number="278" hits="26" branch="False" />
            <line number="279" hits="26" branch="False" />
            <line number="282" hits="6" branch="False" />
            <line number="283" hits="6" branch="True" condition-coverage="50% (4/8)">
              <conditions>
                <condition number="12" type="jump" coverage="50%" />
                <condition number="25" type="jump" coverage="50%" />
                <condition number="38" type="jump" coverage="50%" />
                <condition number="56" type="jump" coverage="50%" />
              </conditions>
            </line>
            <line number="284" hits="6" branch="False" />
            <line number="285" hits="0" branch="False" />
            <line number="286" hits="0" branch="False" />
            <line number="289" hits="6" branch="True" condition-coverage="55.55% (10/18)">
              <conditions>
                <condition number="310" type="jump" coverage="50%" />
                <condition number="354" type="jump" coverage="100%" />
                <condition number="398" type="jump" coverage="50%" />
                <condition number="442" type="jump" coverage="50%" />
                <condition number="486" type="jump" coverage="50%" />
                <condition number="530" type="jump" coverage="50%" />
                <condition number="574" type="jump" coverage="50%" />
                <condition number="618" type="jump" coverage="50%" />
                <condition number="663" type="jump" coverage="50%" />
              </conditions>
            </line>
            <line number="290" hits="6" branch="False" />
            <line number="291" hits="6" branch="False" />
            <line number="292" hits="6" branch="False" />
            <line number="293" hits="6" branch="False" />
            <line number="294" hits="6" branch="False" />
            <line number="295" hits="6" branch="False" />
            <line number="296" hits="6" branch="False" />
            <line number="297" hits="6" branch="False" />
            <line number="298" hits="6" branch="False" />
            <line number="299" hits="6" branch="False" />
            <line number="300" hits="6" branch="False" />
            <line number="301" hits="6" branch="False" />
            <line number="302" hits="6" branch="False" />
            <line number="303" hits="6" branch="False" />
            <line number="304" hits="6" branch="False" />
            <line number="305" hits="6" branch="False" />
            <line number="218" hits="18" branch="False" />
            <line number="232" hits="18" branch="False" />
            <line number="250" hits="18" branch="False" />
          </lines>
        </class>
        <class name="ReferenceManager.Program" filename="ReferenceManager.cs" line-rate="0.557" branch-rate="0.2833" complexity="183">
          <methods>
            <method name="get_FilePath" signature="()" line-rate="1" branch-rate="1" complexity="1">
              <lines>
                <line number="19" hits="27" branch="False" />
              </lines>
            </method>
            <method name="Run" signature="()" line-rate="0.909" branch-rate="0.9" complexity="10">
              <lines>
                <line number="38" hits="7" branch="False" />
                <line number="39" hits="7" branch="False" />
                <line number="41" hits="7" branch="False" />
                <line number="43" hits="16" branch="False" />
                <line number="44" hits="16" branch="False" />
                <line number="45" hits="16" branch="False" />
                <line number="46" hits="16" branch="False" />
                <line number="48" hits="16" branch="True" condition-coverage="90% (9/10)">
                  <conditions>
                    <condition number="94" type="jump" coverage="100%" />
                    <condition number="107" type="jump" coverage="100%" />
                    <condition number="120" type="jump" coverage="50%" />
                    <condition number="133" type="jump" coverage="100%" />
                    <condition number="146" type="jump" coverage="100%" />
                  </conditions>
                </line>
                <line number="51" hits="4" branch="False" />
                <line number="52" hits="4" branch="False" />
                <line number="54" hits="2" branch="False" />
                <line number="55" hits="2" branch="False" />
                <line number="57" hits="0" branch="False" />
                <line number="58" hits="0" branch="False" />
                <line number="60" hits="2" branch="False" />
                <line number="61" hits="2" branch="False" />
                <line number="63" hits="7" branch="False" />
                <line number="64" hits="7" branch="False" />
                <line number="66" hits="1" branch="False" />
                <line number="67" hits="1" branch="False" />
                <line number="69" hits="9" branch="False" />
                <line number="70" hits="7" branch="False" />
              </lines>
            </method>
            <method name="AddReference" signature="(System.Collections.Generic.List`1&lt;ReferenceManager.Reference&gt;)" line-rate="1" branch-rate="1" complexity="8">
              <lines>
                <line number="73" hits="4" branch="False" />
                <line number="74" hits="4" branch="False" />
                <line number="75" hits="4" branch="False" />
                <line number="77" hits="4" branch="True" condition-coverage="100% (8/8)">
                  <conditions>
                    <condition number="50" type="jump" coverage="100%" />
                    <condition number="63" type="jump" coverage="100%" />
                    <condition number="76" type="jump" coverage="100%" />
                    <condition number="89" type="jump" coverage="100%" />
                  </conditions>
                </line>
                <line number="81" hits="2" branch="False" />
                <line number="82" hits="2" branch="False" />
                <line number="85" hits="1" branch="False" />
                <line number="86" hits="1" branch="False" />
                <line number="88" hits="1" branch="False" />
                <line number="89" hits="1" branch="False" />
                <line number="91" hits="4" branch="False" />
              </lines>
            </method>
            <method name="GiveUserInputFromMandatoryField" signature="(System.String)" line-rate="1" branch-rate="1" complexity="4">
              <lines>
                <line number="97" hits="31" branch="False" />
                <line number="100" hits="34" branch="False" />
                <line number="101" hits="34" branch="False" />
                <line number="102" hits="34" branch="False" />
                <line number="104" hits="34" branch="True" condition-coverage="100% (2/2)">
                  <conditions>
                    <condition number="45" type="jump" coverage="100%" />
                  </conditions>
                </line>
                <line number="105" hits="3" branch="False" />
                <line number="106" hits="3" branch="False" />
                <line number="107" hits="3" branch="False" />
                <line number="108" hits="68" branch="True" condition-coverage="100% (2/2)">
                  <conditions>
                    <condition number="81" type="jump" coverage="100%" />
                  </conditions>
                </line>
                <line number="110" hits="31" branch="False" />
                <line number="111" hits="31" branch="False" />
              </lines>
            </method>
            <method name="AddJournalArticle" signature="(System.Collections.Generic.List`1&lt;ReferenceManager.Reference&gt;)" line-rate="0.9620000000000001" branch-rate="0.9" complexity="10">
              <lines>
                <line number="117" hits="5" branch="False" />
                <line number="118" hits="5" branch="False" />
                <line number="119" hits="5" branch="False" />
                <line number="120" hits="5" branch="False" />
                <line number="121" hits="5" branch="False" />
                <line number="122" hits="5" branch="False" />
                <line number="123" hits="5" branch="False" />
                <line number="124" hits="5" branch="False" />
                <line number="125" hits="5" branch="False" />
                <line number="127" hits="6" branch="False" />
                <line number="128" hits="6" branch="False" />
                <line number="129" hits="6" branch="False" />
                <line number="131" hits="6" branch="False" />
                <line number="132" hits="6" branch="False" />
                <line number="133" hits="5" branch="False" />
                <line number="135" hits="1" branch="False" />
                <line number="136" hits="1" branch="False" />
                <line number="137" hits="1" branch="False" />
                <line number="138" hits="1" branch="False" />
                <line number="139" hits="1" branch="False" />
                <line number="141" hits="5" branch="False" />
                <line number="142" hits="5" branch="False" />
                <line number="144" hits="6" branch="False" />
                <line number="145" hits="6" branch="False" />
                <line number="146" hits="6" branch="False" />
                <line number="147" hits="6" branch="False" />
                <line number="149" hits="6" branch="True" condition-coverage="100% (2/2)">
                  <conditions>
                    <condition number="222" type="jump" coverage="100%" />
                  </conditions>
                </line>
                <line number="150" hits="4" branch="False" />
                <line number="151" hits="4" branch="False" />
                <line number="155" hits="2" branch="False" />
                <line number="156" hits="2" branch="False" />
                <line number="157" hits="1" branch="False" />
                <line number="159" hits="1" branch="False" />
                <line number="160" hits="1" branch="False" />
                <line number="161" hits="1" branch="False" />
                <line number="162" hits="1" branch="False" />
                <line number="163" hits="1" branch="False" />
                <line number="165" hits="6" branch="False" />
                <line number="166" hits="6" branch="False" />
                <line number="167" hits="6" branch="False" />
                <line number="168" hits="6" branch="False" />
                <line number="170" hits="6" branch="False" />
                <line number="171" hits="6" branch="False" />
                <line number="172" hits="5" branch="False" />
                <line number="174" hits="1" branch="False" />
                <line number="175" hits="1" branch="False" />
                <line number="176" hits="1" branch="False" />
                <line number="177" hits="1" branch="False" />
                <line number="178" hits="1" branch="False" />
                <line number="180" hits="5" branch="True" condition-coverage="100% (2/2)">
                  <conditions>
                    <condition number="366" type="jump" coverage="100%" />
                  </conditions>
                </line>
                <line number="181" hits="1" branch="False" />
                <line number="182" hits="1" branch="False" />
                <line number="183" hits="1" branch="False" />
                <line number="185" hits="5" branch="False" />
                <line number="186" hits="5" branch="False" />
                <line number="187" hits="5" branch="False" />
                <line number="188" hits="5" branch="False" />
                <line number="189" hits="5" branch="False" />
                <line number="190" hits="5" branch="False" />
                <line number="192" hits="5" branch="True" condition-coverage="100% (2/2)">
                  <conditions>
                    <condition number="498" type="jump" coverage="100%" />
                  </conditions>
                </line>
                <line number="193" hits="1" branch="False" />
                <line number="194" hits="1" branch="False" />
                <line number="195" hits="1" branch="False" />
                <line number="197" hits="5" branch="False" />
                <line number="198" hits="5" branch="False" />
                <line number="200" hits="5" branch="True" condition-coverage="100% (2/2)">
                  <conditions>
                    <condition number="567" type="jump" coverage="100%" />
                  </conditions>
                </line>
                <line number="201" hits="1" branch="False" />
                <line number="202" hits="1" branch="False" />
                <line number="203" hits="1" branch="False" />
                <line number="205" hits="4" branch="False" />
                <line number="208" hits="4" branch="False" />
                <line number="210" hits="4" branch="True" condition-coverage="50% (1/2)">
                  <conditions>
                    <condition number="624" type="jump" coverage="50%" />
                  </conditions>
                </line>
                <line number="211" hits="4" branch="False" />
                <line number="212" hits="4" branch="False" />
                <line number="213" hits="4" branch="False" />
                <line number="215" hits="0" branch="False" />
                <line number="216" hits="0" branch="False" />
                <line number="217" hits="0" branch="False" />
                <line number="218" hits="5" branch="False" />
              </lines>
            </method>
            <method name="AddInProceedings" signature="(System.Collections.Generic.List`1&lt;ReferenceManager.Reference&gt;)" line-rate="0.608" branch-rate="0.6" complexity="20">
              <lines>
                <line number="222" hits="5" branch="False" />
                <line number="223" hits="5" branch="False" />
                <line number="224" hits="5" branch="False" />
                <line number="225" hits="5" branch="False" />
                <line number="227" hits="5" branch="False" />
                <line number="228" hits="5" branch="False" />
                <line number="230" hits="5" branch="False" />
                <line number="231" hits="5" branch="False" />
                <line number="232" hits="5" branch="False" />
                <line number="234" hits="5" branch="False" />
                <line number="235" hits="5" branch="False" />
                <line number="236" hits="5" branch="False" />
                <line number="238" hits="0" branch="False" />
                <line number="239" hits="0" branch="False" />
                <line number="240" hits="0" branch="False" />
                <line number="241" hits="0" branch="False" />
                <line number="242" hits="0" branch="False" />
                <line number="244" hits="5" branch="False" />
                <line number="245" hits="5" branch="False" />
                <line number="246" hits="5" branch="False" />
                <line number="248" hits="5" branch="False" />
                <line number="249" hits="5" branch="False" />
                <line number="250" hits="5" branch="False" />
                <line number="252" hits="0" branch="False" />
                <line number="253" hits="0" branch="False" />
                <line number="254" hits="0" branch="False" />
                <line number="255" hits="0" branch="False" />
                <line number="256" hits="0" branch="False" />
                <line number="258" hits="5" branch="False" />
                <line number="259" hits="5" branch="False" />
                <line number="260" hits="5" branch="False" />
                <line number="262" hits="5" branch="False" />
                <line number="263" hits="5" branch="False" />
                <line number="264" hits="5" branch="False" />
                <line number="266" hits="0" branch="False" />
                <line number="267" hits="0" branch="False" />
                <line number="268" hits="0" branch="False" />
                <line number="269" hits="0" branch="False" />
                <line number="270" hits="0" branch="False" />
                <line number="272" hits="5" branch="False" />
                <line number="273" hits="5" branch="False" />
                <line number="275" hits="5" branch="True" condition-coverage="50% (1/2)">
                  <conditions>
                    <condition number="280" type="jump" coverage="50%" />
                  </conditions>
                </line>
                <line number="276" hits="0" branch="False" />
                <line number="277" hits="0" branch="False" />
                <line number="278" hits="0" branch="False" />
                <line number="280" hits="5" branch="False" />
                <line number="281" hits="5" branch="False" />
                <line number="283" hits="5" branch="True" condition-coverage="50% (1/2)">
                  <conditions>
                    <condition number="339" type="jump" coverage="50%" />
                  </conditions>
                </line>
                <line number="284" hits="0" branch="False" />
                <line number="285" hits="0" branch="False" />
                <line number="286" hits="0" branch="False" />
                <line number="288" hits="5" branch="False" />
                <line number="289" hits="5" branch="False" />
                <line number="290" hits="5" branch="False" />
                <line number="291" hits="5" branch="False" />
                <line number="293" hits="5" branch="True" condition-coverage="100% (2/2)">
                  <conditions>
                    <condition number="400" type="jump" coverage="100%" />
                  </conditions>
                </line>
                <line number="294" hits="3" branch="False" />
                <line number="295" hits="3" branch="False" />
                <line number="299" hits="2" branch="False" />
                <line number="300" hits="2" branch="False" />
                <line number="301" hits="2" branch="False" />
                <line number="303" hits="0" branch="False" />
                <line number="304" hits="0" branch="False" />
                <line number="305" hits="0" branch="False" />
                <line number="306" hits="0" branch="False" />
                <line number="307" hits="0" branch="False" />
                <line number="309" hits="5" branch="False" />
                <line number="310" hits="5" branch="False" />
                <line number="311" hits="5" branch="True" condition-coverage="50% (1/2)">
                  <conditions>
                    <condition number="498" type="jump" coverage="50%" />
                  </conditions>
                </line>
                <line number="312" hits="0" branch="False" />
                <line number="313" hits="0" branch="False" />
                <line number="314" hits="0" branch="False" />
                <line number="316" hits="5" branch="False" />
                <line number="317" hits="5" branch="False" />
                <line number="318" hits="5" branch="False" />
                <line number="319" hits="5" branch="False" />
                <line number="321" hits="5" branch="False" />
                <line number="322" hits="5" branch="False" />
                <line number="323" hits="5" branch="False" />
                <line number="325" hits="0" branch="False" />
                <line number="326" hits="0" branch="False" />
                <line number="327" hits="0" branch="False" />
                <line number="328" hits="0" branch="False" />
                <line number="329" hits="0" branch="False" />
                <line number="331" hits="5" branch="False" />
                <line number="332" hits="5" branch="False" />
                <line number="333" hits="5" branch="True" condition-coverage="50% (1/2)">
                  <conditions>
                    <condition number="641" type="jump" coverage="50%" />
                  </conditions>
                </line>
                <line number="334" hits="0" branch="False" />
                <line number="335" hits="0" branch="False" />
                <line number="336" hits="0" branch="False" />
                <line number="338" hits="5" branch="False" />
                <line number="339" hits="5" branch="False" />
                <line number="340" hits="5" branch="True" condition-coverage="50% (1/2)">
                  <conditions>
                    <condition number="703" type="jump" coverage="50%" />
                  </conditions>
                </line>
                <line number="341" hits="0" branch="False" />
                <line number="342" hits="0" branch="False" />
                <line number="343" hits="0" branch="False" />
                <line number="345" hits="5" branch="False" />
                <line number="346" hits="5" branch="False" />
                <line number="347" hits="5" branch="True" condition-coverage="50% (1/2)">
                  <conditions>
                    <condition number="765" type="jump" coverage="50%" />
                  </conditions>
                </line>
                <line number="348" hits="0" branch="False" />
                <line number="349" hits="0" branch="False" />
                <line number="350" hits="0" branch="False" />
                <line number="352" hits="5" branch="False" />
                <line number="353" hits="5" branch="False" />
                <line number="354" hits="5" branch="True" condition-coverage="50% (1/2)">
                  <conditions>
                    <condition number="827" type="jump" coverage="50%" />
                  </conditions>
                </line>
                <line number="355" hits="0" branch="False" />
                <line number="356" hits="0" branch="False" />
                <line number="357" hits="0" branch="False" />
                <line number="359" hits="5" branch="False" />
                <line number="360" hits="5" branch="False" />
                <line number="362" hits="5" branch="False" />
                <line number="363" hits="5" branch="False" />
                <line number="365" hits="5" branch="True" condition-coverage="100% (2/2)">
                  <conditions>
                    <condition number="931" type="jump" coverage="100%" />
                  </conditions>
                </line>
                <line number="366" hits="1" branch="False" />
                <line number="367" hits="1" branch="False" />
                <line number="368" hits="1" branch="False" />
                <line number="371" hits="4" branch="False" />
                <line number="373" hits="4" branch="True" condition-coverage="50% (1/2)">
                  <conditions>
                    <condition number="971" type="jump" coverage="50%" />
                  </conditions>
                </line>
                <line number="374" hits="4" branch="False" />
                <line number="375" hits="4" branch="False" />
                <line number="376" hits="4" branch="False" />
                <line number="378" hits="0" branch="False" />
                <line number="379" hits="0" branch="False" />
                <line number="380" hits="0" branch="False" />
                <line number="381" hits="5" branch="False" />
              </lines>
            </method>
            <method name="GetAuthors" signature="()" line-rate="1" branch-rate="1" complexity="6">
              <lines>
                <line number="389" hits="10" branch="False" />
                <line number="390" hits="10" branch="False" />
                <line number="392" hits="22" branch="False" />
                <line number="393" hits="22" branch="False" />
                <line number="394" hits="22" branch="True" condition-coverage="100% (2/2)">
                  <conditions>
                    <condition number="22" type="jump" coverage="100%" />
                  </conditions>
                </line>
                <line number="395" hits="22" branch="False" />
                <line number="396" hits="22" branch="False" />
                <line number="397" hits="22" branch="False" />
                <line number="399" hits="22" branch="True" condition-coverage="100% (2/2)">
                  <conditions>
                    <condition number="65" type="jump" coverage="100%" />
                  </conditions>
                </line>
                <line number="400" hits="11" branch="False" />
                <line number="401" hits="11" branch="False" />
                <line number="402" hits="11" branch="False" />
                <line number="403" hits="11" branch="True" condition-coverage="100% (2/2)">
                  <conditions>
                    <condition number="95" type="jump" coverage="100%" />
                  </conditions>
                </line>
                <line number="404" hits="10" branch="False" />
                <line number="405" hits="10" branch="False" />
                <line number="408" hits="1" branch="False" />
                <line number="409" hits="1" branch="False" />
                <line number="410" hits="1" branch="False" />
                <line number="411" hits="12" branch="False" />
                <line number="413" hits="10" branch="False" />
                <line number="414" hits="10" branch="False" />
                <line number="415" hits="10" branch="False" />
              </lines>
            </method>
            <method name="ListReferences" signature="(System.Collections.Generic.List`1&lt;ReferenceManager.Reference&gt;)" line-rate="0.8234999999999999" branch-rate="0.75" complexity="4">
              <lines>
                <line number="425" hits="2" branch="False" />
                <line number="426" hits="2" branch="False" />
                <line number="429" hits="2" branch="True" condition-coverage="50% (1/2)">
                  <conditions>
                    <condition number="30" type="jump" coverage="50%" />
                  </conditions>
                </line>
                <line number="430" hits="2" branch="False" />
                <line number="431" hits="2" branch="False" />
                <line number="432" hits="2" branch="False" />
                <line number="433" hits="2" branch="False" />
                <line number="435" hits="16" branch="True" condition-coverage="100% (2/2)">
                  <conditions>
                    <condition number="92" type="jump" coverage="100%" />
                  </conditions>
                </line>
                <line number="436" hits="14" branch="False" />
                <line number="437" hits="14" branch="False" />
                <line number="438" hits="14" branch="False" />
                <line number="439" hits="2" branch="False" />
                <line number="440" hits="2" branch="False" />
                <line number="442" hits="0" branch="False" />
                <line number="443" hits="0" branch="False" />
                <line number="444" hits="0" branch="False" />
                <line number="445" hits="2" branch="False" />
              </lines>
            </method>
            <method name="LoadReferencesFromFile" signature="()" line-rate="0" branch-rate="0" complexity="34">
              <lines>
                <line number="449" hits="0" branch="False" />
                <line number="450" hits="0" branch="False" />
                <line number="452" hits="0" branch="True" condition-coverage="0% (0/2)">
                  <conditions>
                    <condition number="22" type="jump" coverage="0%" />
                  </conditions>
                </line>
                <line number="453" hits="0" branch="False" />
                <line number="454" hits="0" branch="False" />
                <line number="455" hits="0" branch="False" />
                <line number="459" hits="0" branch="False" />
                <line number="461" hits="0" branch="False" />
                <line number="464" hits="0" branch="False" />
                <line number="466" hits="0" branch="True" condition-coverage="0% (0/2)">
                  <conditions>
                    <condition number="475" type="jump" coverage="0%" />
                  </conditions>
                </line>
                <line number="467" hits="0" branch="False" />
                <line number="468" hits="0" branch="True" condition-coverage="0% (0/4)">
                  <conditions>
                    <condition number="91" type="jump" coverage="0%" />
                    <condition number="112" type="jump" coverage="0%" />
                  </conditions>
                </line>
                <line number="469" hits="0" branch="False" />
                <line number="470" hits="0" branch="True" condition-coverage="0% (0/2)">
                  <conditions>
                    <condition number="124" type="jump" coverage="0%" />
                  </conditions>
                </line>
                <line number="471" hits="0" branch="False" />
                <line number="472" hits="0" branch="False" />
                <line number="473" hits="0" branch="False" />
                <line number="476" hits="0" branch="True" condition-coverage="0% (0/2)">
                  <conditions>
                    <condition number="149" type="jump" coverage="0%" />
                  </conditions>
                </line>
                <line number="477" hits="0" branch="False" />
                <line number="478" hits="0" branch="False" />
                <line number="479" hits="0" branch="False" />
                <line number="480" hits="0" branch="True" condition-coverage="0% (0/4)">
                  <conditions>
                    <condition number="183" type="jump" coverage="0%" />
                    <condition number="197" type="jump" coverage="0%" />
                  </conditions>
                </line>
                <line number="481" hits="0" branch="False" />
                <line number="483" hits="0" branch="False" />
                <line number="484" hits="0" branch="True" condition-coverage="0% (0/2)">
                  <conditions>
[...]
            <line number="405" hits="10" branch="False" />
            <line number="408" hits="1" branch="False" />
            <line number="409" hits="1" branch="False" />
            <line number="410" hits="1" branch="False" />
            <line number="411" hits="12" branch="False" />
            <line number="413" hits="10" branch="False" />
            <line number="414" hits="10" branch="False" />
            <line number="415" hits="10" branch="False" />
            <line number="425" hits="2" branch="False" />
            <line number="426" hits="2" branch="False" />
            <line number="429" hits="2" branch="True" condition-coverage="50% (1/2)">
              <conditions>
                <condition number="30" type="jump" coverage="50%" />
              </conditions>
            </line>
            <line number="430" hits="2" branch="False" />
            <line number="431" hits="2" branch="False" />
            <line number="432" hits="2" branch="False" />
            <line number="433" hits="2" branch="False" />
            <line number="435" hits="16" branch="True" condition-coverage="100% (2/2)">
              <conditions>
                <condition number="92" type="jump" coverage="100%" />
              </conditions>
            </line>
            <line number="436" hits="14" branch="False" />
            <line number="437" hits="14" branch="False" />
            <line number="438" hits="14" branch="False" />
            <line number="439" hits="2" branch="False" />
            <line number="440" hits="2" branch="False" />
            <line number="442" hits="0" branch="False" />
            <line number="443" hits="0" branch="False" />
            <line number="444" hits="0" branch="False" />
            <line number="445" hits="2" branch="False" />
            <line number="449" hits="0" branch="False" />
            <line number="450" hits="0" branch="False" />
            <line number="452" hits="0" branch="True" condition-coverage="0% (0/2)">
              <conditions>
                <condition number="22" type="jump" coverage="0%" />
              </conditions>
            </line>
            <line number="453" hits="0" branch="False" />
            <line number="454" hits="0" branch="False" />
            <line number="455" hits="0" branch="False" />
            <line number="459" hits="0" branch="False" />
            <line number="461" hits="0" branch="False" />
            <line number="464" hits="0" branch="False" />
            <line number="466" hits="0" branch="True" condition-coverage="0% (0/2)">
              <conditions>
                <condition number="475" type="jump" coverage="0%" />
              </conditions>
            </line>
            <line number="467" hits="0" branch="False" />
            <line number="468" hits="0" branch="True" condition-coverage="0% (0/4)">
              <conditions>
                <condition number="91" type="jump" coverage="0%" />
                <condition number="112" type="jump" coverage="0%" />
              </conditions>
            </line>
            <line number="469" hits="0" branch="False" />
            <line number="470" hits="0" branch="True" condition-coverage="0% (0/2)">
              <conditions>
                <condition number="124" type="jump" coverage="0%" />
              </conditions>
            </line>
            <line number="471" hits="0" branch="False" />
            <line number="472" hits="0" branch="False" />
            <line number="473" hits="0" branch="False" />
            <line number="476" hits="0" branch="True" condition-coverage="0% (0/2)">
              <conditions>
                <condition number="149" type="jump" coverage="0%" />
              </conditions>
            </line>
            <line number="477" hits="0" branch="False" />
            <line number="478" hits="0" branch="False" />
            <line number="479" hits="0" branch="False" />
            <line number="480" hits="0" branch="True" condition-coverage="0% (0/4)">
              <conditions>
                <condition number="183" type="jump" coverage="0%" />
                <condition number="197" type="jump" coverage="0%" />
              </conditions>
            </line>
            <line number="481" hits="0" branch="False" />
            <line number="483" hits="0" branch="False" />
            <line number="484" hits="0" branch="True" condition-coverage="0% (0/2)">
              <conditions>
                <condition number="235" type="jump" coverage="0%" />
              </conditions>
            </line>
            <line number="485" hits="0" branch="False" />
            <line number="486" hits="0" branch="False" />
            <line number="487" hits="0" branch="False" />
            <line number="490" hits="0" branch="True" condition-coverage="0% (0/10)">
              <conditions>
                <condition number="310" type="jump" coverage="0%" />
                <condition number="324" type="jump" coverage="0%" />
                <condition number="338" type="jump" coverage="0%" />
                <condition number="352" type="jump" coverage="0%" />
                <condition number="366" type="jump" coverage="0%" />
              </conditions>
            </line>
            <line number="493" hits="0" branch="False" />
            <line number="494" hits="0" branch="False" />
            <line number="496" hits="0" branch="False" />
            <line number="497" hits="0" branch="False" />
            <line number="499" hits="0" branch="False" />
            <line number="500" hits="0" branch="False" />
            <line number="501" hits="0" branch="True" condition-coverage="0% (0/2)">
              <conditions>
                <condition number="417" type="jump" coverage="0%" />
              </conditions>
            </line>
            <line number="502" hits="0" branch="False" />
            <line number="503" hits="0" branch="False" />
            <line number="504" hits="0" branch="True" condition-coverage="0% (0/2)">
              <conditions>
                <condition number="444" type="jump" coverage="0%" />
              </conditions>
            </line>
            <line number="505" hits="0" branch="False" />
            <line number="506" hits="0" branch="False" />
            <line number="509" hits="0" branch="False" />
            <line number="510" hits="0" branch="False" />
            <line number="511" hits="0" branch="False" />
            <line number="514" hits="0" branch="True" condition-coverage="0% (0/2)">
              <conditions>
                <condition number="489" type="jump" coverage="0%" />
              </conditions>
            </line>
            <line number="515" hits="0" branch="False" />
            <line number="516" hits="0" branch="False" />
            <line number="517" hits="0" branch="False" />
            <line number="518" hits="0" branch="False" />
            <line number="519" hits="0" branch="False" />
            <line number="520" hits="0" branch="False" />
            <line number="521" hits="0" branch="False" />
            <line number="522" hits="0" branch="False" />
            <line number="524" hits="0" branch="False" />
            <line number="525" hits="0" branch="False" />
            <line number="537" hits="0" branch="False" />
            <line number="539" hits="0" branch="False" />
            <line number="541" hits="0" branch="True" condition-coverage="0% (0/2)">
              <conditions>
                <condition number="27" type="jump" coverage="0%" />
              </conditions>
            </line>
            <line number="542" hits="0" branch="False" />
            <line number="543" hits="0" branch="False" />
            <line number="544" hits="0" branch="False" />
            <line number="549" hits="0" branch="False" />
            <line number="550" hits="0" branch="False" />
            <line number="551" hits="0" branch="False" />
            <line number="552" hits="0" branch="True" condition-coverage="0% (0/2)">
              <conditions>
                <condition number="85" type="jump" coverage="0%" />
              </conditions>
            </line>
            <line number="554" hits="0" branch="True" condition-coverage="0% (0/2)">
              <conditions>
                <condition number="112" type="jump" coverage="0%" />
              </conditions>
            </line>
            <line number="555" hits="0" branch="False" />
            <line number="556" hits="0" branch="False" />
            <line number="557" hits="0" branch="False" />
            <line number="558" hits="0" branch="False" />
            <line number="562" hits="0" branch="False" />
            <line number="565" hits="0" branch="False" />
            <line number="566" hits="0" branch="False" />
            <line number="567" hits="0" branch="False" />
            <line number="568" hits="0" branch="False" />
            <line number="571" hits="0" branch="True" condition-coverage="0% (0/2)">
              <conditions>
                <condition number="459" type="jump" coverage="0%" />
              </conditions>
            </line>
            <line number="572" hits="0" branch="False" />
            <line number="573" hits="0" branch="True" condition-coverage="0% (0/8)">
              <conditions>
                <condition number="235" type="jump" coverage="0%" />
                <condition number="249" type="jump" coverage="0%" />
                <condition number="263" type="jump" coverage="0%" />
                <condition number="277" type="jump" coverage="0%" />
              </conditions>
            </line>
            <line number="576" hits="0" branch="False" />
            <line number="577" hits="0" branch="True" condition-coverage="0% (0/2)">
              <conditions>
                <condition number="302" type="jump" coverage="0%" />
              </conditions>
            </line>
            <line number="578" hits="0" branch="False" />
            <line number="580" hits="0" branch="False" />
            <line number="581" hits="0" branch="True" condition-coverage="0% (0/2)">
              <conditions>
                <condition number="341" type="jump" coverage="0%" />
              </conditions>
            </line>
            <line number="582" hits="0" branch="False" />
            <line number="584" hits="0" branch="False" />
            <line number="585" hits="0" branch="True" condition-coverage="0% (0/2)">
              <conditions>
                <condition number="377" type="jump" coverage="0%" />
              </conditions>
            </line>
            <line number="586" hits="0" branch="False" />
            <line number="588" hits="0" branch="False" />
            <line number="589" hits="0" branch="True" condition-coverage="0% (0/2)">
              <conditions>
                <condition number="413" type="jump" coverage="0%" />
              </conditions>
            </line>
            <line number="590" hits="0" branch="False" />
            <line number="592" hits="0" branch="False" />
            <line number="593" hits="0" branch="False" />
            <line number="595" hits="0" branch="False" />
            <line number="600" hits="0" branch="True" condition-coverage="0% (0/2)">
              <conditions>
                <condition number="491" type="jump" coverage="0%" />
              </conditions>
            </line>
            <line number="601" hits="0" branch="False" />
            <line number="602" hits="0" branch="False" />
            <line number="603" hits="0" branch="False" />
            <line number="604" hits="0" branch="False" />
            <line number="607" hits="0" branch="False" />
            <line number="608" hits="0" branch="False" />
            <line number="609" hits="0" branch="False" />
            <line number="610" hits="0" branch="True" condition-coverage="0% (0/44)">
              <conditions>
                <condition number="24" type="jump" coverage="0%" />
                <condition number="37" type="jump" coverage="0%" />
                <condition number="65" type="jump" coverage="0%" />
                <condition number="81" type="jump" coverage="0%" />
                <condition number="99" type="jump" coverage="0%" />
                <condition number="110" type="jump" coverage="0%" />
                <condition number="131" type="jump" coverage="0%" />
                <condition number="149" type="jump" coverage="0%" />
                <condition number="176" type="jump" coverage="0%" />
                <condition number="194" type="jump" coverage="0%" />
                <condition number="215" type="jump" coverage="0%" />
                <condition number="238" type="jump" coverage="0%" />
                <condition number="254" type="jump" coverage="0%" />
                <condition number="267" type="jump" coverage="0%" />
                <condition number="302" type="jump" coverage="0%" />
                <condition number="318" type="jump" coverage="0%" />
                <condition number="334" type="jump" coverage="0%" />
                <condition number="355" type="jump" coverage="0%" />
                <condition number="373" type="jump" coverage="0%" />
                <condition number="398" type="jump" coverage="0%" />
                <condition number="416" type="jump" coverage="0%" />
                <condition number="434" type="jump" coverage="0%" />
              </conditions>
            </line>
            <line number="611" hits="0" branch="False" />
            <line number="612" hits="0" branch="True" condition-coverage="0% (0/10)">
              <conditions>
                <condition number="29" type="jump" coverage="0%" />
                <condition number="47" type="jump" coverage="0%" />
                <condition number="85" type="jump" coverage="0%" />
                <condition number="103" type="jump" coverage="0%" />
                <condition number="121" type="jump" coverage="0%" />
              </conditions>
            </line>
            <line number="613" hits="0" branch="False" />
            <line number="614" hits="0" branch="False" />
            <line number="615" hits="0" branch="False" />
            <line number="616" hits="0" branch="False" />
            <line number="617" hits="0" branch="False" />
            <line number="618" hits="0" branch="False" />
            <line number="619" hits="0" branch="False" />
            <line number="620" hits="0" branch="False" />
            <line number="621" hits="0" branch="False" />
            <line number="622" hits="0" branch="False" />
            <line number="623" hits="0" branch="False" />
            <line number="624" hits="0" branch="False" />
            <line number="625" hits="0" branch="False" />
            <line number="626" hits="0" branch="False" />
            <line number="627" hits="0" branch="False" />
            <line number="628" hits="0" branch="False" />
            <line number="629" hits="0" branch="False" />
            <line number="630" hits="0" branch="False" />
            <line number="631" hits="0" branch="False" />
            <line number="632" hits="0" branch="False" />
            <line number="633" hits="0" branch="False" />
            <line number="636" hits="0" branch="True" condition-coverage="0% (0/2)">
              <conditions>
                <condition number="609" type="jump" coverage="0%" />
              </conditions>
            </line>
            <line number="637" hits="0" branch="False" />
            <line number="638" hits="0" branch="False" />
            <line number="639" hits="0" branch="False" />
            <line number="641" hits="0" branch="False" />
            <line number="642" hits="0" branch="False" />
            <line number="643" hits="0" branch="True" condition-coverage="0% (0/2)">
              <conditions>
                <condition number="681" type="jump" coverage="0%" />
              </conditions>
            </line>
            <line number="644" hits="0" branch="False" />
            <line number="645" hits="0" branch="False" />
            <line number="646" hits="0" branch="False" />
            <line number="647" hits="0" branch="False" />
            <line number="648" hits="0" branch="False" />
            <line number="655" hits="2" branch="False" />
            <line number="656" hits="2" branch="False" />
            <line number="657" hits="2" branch="False" />
            <line number="658" hits="2" branch="False" />
            <line number="659" hits="2" branch="False" />
            <line number="660" hits="2" branch="False" />
            <line number="661" hits="2" branch="False" />
            <line number="662" hits="2" branch="False" />
            <line number="28" hits="14" branch="False" />
            <line number="29" hits="14" branch="False" />
            <line number="30" hits="14" branch="False" />
            <line number="31" hits="14" branch="False" />
            <line number="32" hits="14" branch="False" />
          </lines>
        </class>
        <class name="ReferenceManager.ConsoleIO" filename="ReferenceManager.cs" line-rate="0" branch-rate="0" complexity="3">
          <methods>
            <method name="Write" signature="(System.String)" line-rate="0" branch-rate="1" complexity="1">
              <lines>
                <line number="677" hits="0" branch="False" />
                <line number="678" hits="0" branch="False" />
                <line number="679" hits="0" branch="False" />
              </lines>
            </method>
            <method name="Read" signature="()" line-rate="0" branch-rate="0" complexity="2">
              <lines>
                <line number="686" hits="0" branch="False" />
                <line number="687" hits="0" branch="True" condition-coverage="0% (0/2)">
                  <conditions>
                    <condition number="7" type="jump" coverage="0%" />
                  </conditions>
                </line>
                <line number="688" hits="0" branch="False" />
              </lines>
            </method>
          </methods>
          <lines>
            <line number="677" hits="0" branch="False" />
            <line number="678" hits="0" branch="False" />
            <line number="679" hits="0" branch="False" />
            <line number="686" hits="0" branch="False" />
            <line number="687" hits="0" branch="True" condition-coverage="0% (0/2)">
              <conditions>
                <condition number="7" type="jump" coverage="0%" />
              </conditions>
            </line>
            <line number="688" hits="0" branch="False" />
          </lines>
        </class>
        <class name="ReferenceManager.EntryPoint" filename="ReferenceManager.cs" line-rate="0" branch-rate="1" complexity="1">
          <methods>
            <method name="Main" signature="(System.String[])" line-rate="0" branch-rate="1" complexity="1">
              <lines>
                <line number="701" hits="0" branch="False" />
                <line number="702" hits="0" branch="False" />
                <line number="703" hits="0" branch="False" />
                <line number="704" hits="0" branch="False" />
                <line number="705" hits="0" branch="False" />
                <line number="706" hits="0" branch="False" />
              </lines>
            </method>
          </methods>
          <lines>
            <line number="701" hits="0" branch="False" />
            <line number="702" hits="0" branch="False" />
            <line number="703" hits="0" branch="False" />
            <line number="704" hits="0" branch="False" />
            <line number="705" hits="0" branch="False" />
            <line number="706" hits="0" branch="False" />
          </lines>
        </class>
      </classes>
    </package>
  </packages>
</coverage>